couldn't read file "/usr/local/Modules/libexec/modulecmd.tcl": no such file or directory
/var/spool/slurmd/job69321184/slurm_script: line 20: nvidia-smi: command not found
Iters. done: 1 [Current cost: -0.008898278833164968, energy:-0.008898278833164968]
Iters. done: 2 [Current cost: 0.012000152887456893, energy:0.012000152887456893]
 message: Maximum number of function evaluations has been exceeded.
 success: False
  status: 2
     fun: -0.008898278833164968
       x: [ 1.569e+00  1.764e+00 ...  3.882e+00  3.616e+00]
    nfev: 2
   maxcv: 0.0
Iters. done: 1 [Current cost: -0.6035257735369833, energy:0.08441276229588474]
Iters. done: 2 [Current cost: -0.7688265810688445, energy:0.08533948679016173]
Iters. done: 3 [Current cost: -0.9124606950761449, energy:0.10561826388537122]
Iters. done: 4 [Current cost: -1.0417473096769156, energy:0.1093554382297034]
Iters. done: 5 [Current cost: -1.160572542971648, energy:0.09639530166433535]
Iters. done: 6 [Current cost: -1.2711319128632432, energy:0.10402858648879468]
Iters. done: 7 [Current cost: -1.3751393719832288, energy:0.09589986923842396]
Iters. done: 8 [Current cost: -1.473505112368824, energy:0.10231927118013842]
Iters. done: 9 [Current cost: -1.5673023927555736, energy:0.09007348273100334]
Iters. done: 10 [Current cost: -1.6568306798705676, energy:0.09408727282725014]
Iters. done: 11 [Current cost: -1.742813378441114, energy:0.09082520517740762]
Iters. done: 12 [Current cost: -1.825531738263646, energy:0.0898200255708063]
Iters. done: 13 [Current cost: -1.9053109230249012, energy:0.09002157050335034]
Iters. done: 14 [Current cost: -1.9823339984875183, energy:0.09500500040251189]
Iters. done: 15 [Current cost: -2.0572432578221544, energy:0.08539725526789711]
Iters. done: 16 [Current cost: -2.1294771066076206, energy:0.09444517333523411]
Iters. done: 17 [Current cost: -2.199812991454188, energy:0.0956783531354451]
Iters. done: 18 [Current cost: -2.26790199358238, energy:0.10661356947132487]
Iters. done: 19 [Current cost: -2.334575890452344, energy:0.10447911427545438]
Iters. done: 20 [Current cost: -2.400069643820119, energy:0.08913241622924706]
Iters. done: 21 [Current cost: -2.4633384973800854, energy:0.09147631384288393]
Iters. done: 22 [Current cost: -2.525436383938208, energy:0.08594243268178313]
Iters. done: 23 [Current cost: -2.5864212257419164, energy:0.07464362291557315]
Iters. done: 24 [Current cost: -2.645249647092999, energy:0.08052965742662918]
Iters. done: 25 [Current cost: -2.702857190585998, energy:0.08441276229588515]
Iters. done: 26 [Current cost: -2.759423404814762, energy:0.08460558752057745]
Iters. done: 27 [Current cost: -2.814890382081702, energy:0.08356025124866773]
Iters. done: 28 [Current cost: -2.868311625474606, energy:0.09642913970282983]
Iters. done: 29 [Current cost: -2.9212136046328263, energy:0.09989706611886913]
Iters. done: 30 [Current cost: -2.972952900026761, energy:0.10462665708634661]
Iters. done: 31 [Current cost: -3.023840271161375, energy:0.10698231430576445]
Iters. done: 32 [Current cost: -3.0752232164227626, energy:0.09165650533641684]
Iters. done: 33 [Current cost: -3.124250995903778, energy:0.09404254787312737]
Iters. done: 34 [Current cost: -3.1715887804312946, energy:0.10474336183415973]
Iters. done: 35 [Current cost: -3.2194598783587174, energy:0.10002478788253336]
Iters. done: 36 [Current cost: -3.2648800527726305, energy:0.11150140481070517]
Iters. done: 37 [Current cost: -3.3111513167679076, energy:0.10636872224750928]
Iters. done: 38 [Current cost: -3.3592972080740022, energy:0.07775247747494532]
Iters. done: 39 [Current cost: -3.4038704146663905, energy:0.0756454763160528]
Iters. done: 40 [Current cost: -3.447446749930122, energy:0.07579833100971425]
Iters. done: 41 [Current cost: -3.489608228206456, energy:0.08141292626816271]
Iters. done: 42 [Current cost: -3.5319651585463663, energy:0.0797390204830187]
Iters. done: 43 [Current cost: -3.573334345433211, energy:0.08039718458265457]
Iters. done: 44 [Current cost: -3.612399896741423, energy:0.09249582749194163]
Iters. done: 45 [Current cost: -3.652779566915069, energy:0.09039297888812561]
Iters. done: 46 [Current cost: -3.6927188350010964, energy:0.08715391641171406]
Iters. done: 47 [Current cost: -3.7317444752694717, energy:0.08597578819476509]
Iters. done: 48 [Current cost: -3.7716400774643533, energy:0.07587915942448073]
Iters. done: 49 [Current cost: -3.809550087339242, energy:0.07464922919839416]
Iters. done: 50 [Current cost: -3.848288238062654, energy:0.06546702638727318]
Iters. done: 51 [Current cost: -3.8848873184217774, energy:0.06555121271138872]
Iters. done: 52 [Current cost: -3.9190105833086277, energy:0.07589649850273697]
Iters. done: 53 [Current cost: -3.954655383165113, energy:0.0749076007940333]
Iters. done: 54 [Current cost: -3.992925759538403, energy:0.058101333293669774]
Iters. done: 55 [Current cost: -4.026168277270697, energy:0.06427299774076466]
Iters. done: 56 [Current cost: -4.059183132694111, energy:0.06873624930855357]
Iters. done: 57 [Current cost: -4.092442215393496, energy:0.06951313144302534]
Iters. done: 58 [Current cost: -4.123873207715812, energy:0.07620720576662617]
Iters. done: 59 [Current cost: -4.156786214771421, energy:0.07400134576054121]
Iters. done: 60 [Current cost: -4.190501735189429, energy:0.0665153775876543]
Iters. done: 61 [Current cost: -4.222008895145851, energy:0.06659122520069401]
Iters. done: 62 [Current cost: -4.249460518841975, energy:0.08106050654408152]
Iters. done: 63 [Current cost: -4.280560802509208, energy:0.07880722736823831]
Iters. done: 64 [Current cost: -4.310688374399758, energy:0.0786779995748747]
Iters. done: 65 [Current cost: -4.340844298446513, energy:0.07683687425909208]
Iters. done: 66 [Current cost: -4.3687981474910895, energy:0.08149197057442326]
Iters. done: 67 [Current cost: -4.397692437309135, energy:0.08112288571793026]
Iters. done: 68 [Current cost: -4.431727818177337, energy:0.061623248223855634]
Iters. done: 69 [Current cost: -4.459148113844563, energy:0.06392717741280239]
Iters. done: 70 [Current cost: -4.484904598685582, energy:0.07027971085333601]
Iters. done: 71 [Current cost: -4.51166285010887, energy:0.07185084894888552]
Iters. done: 72 [Current cost: -4.538377118230589, energy:0.07226640558207456]
Iters. done: 73 [Current cost: -4.564024145741444, energy:0.07476433839459554]
Iters. done: 74 [Current cost: -4.591887918290656, energy:0.06935132274279233]
Iters. done: 75 [Current cost: -4.6172440937353905, energy:0.07045316439205615]
Iters. done: 76 [Current cost: -4.637221574533923, energy:0.08593559111618458]
Iters. done: 77 [Current cost: -4.661559428311997, energy:0.08746231038288375]
Iters. done: 78 [Current cost: -4.680799818841622, energy:0.10198161630070535]
Iters. done: 79 [Current cost: -4.705140751856026, energy:0.10119973859654952]
Iters. done: 80 [Current cost: -4.732235169580582, energy:0.09224265098714922]
Iters. done: 81 [Current cost: -4.756076415191777, energy:0.09117995033929993]
Iters. done: 82 [Current cost: -4.775797956580325, energy:0.09977938214583815]
Iters. done: 83 [Current cost: -4.799067855722554, energy:0.09836187750979723]
Iters. done: 84 [Current cost: -4.811156564281857, energy:0.12351623949603222]
Iters. done: 85 [Current cost: -4.83210516444178, energy:0.1257060573156566]
Iters. done: 86 [Current cost: -4.85786020296386, energy:0.11575668981431805]
Iters. done: 87 [Current cost: -4.8791650055817914, energy:0.11570541698900341]
Iters. done: 88 [Current cost: -4.903132495315118, energy:0.10889409316211268]
Iters. done: 89 [Current cost: -4.925303868070841, energy:0.1056343527798129]
Iters. done: 90 [Current cost: -4.947967990528889, energy:0.10073042139354968]
Iters. done: 91 [Current cost: -4.968115989967032, energy:0.10077307692979184]
Iters. done: 92 [Current cost: -4.985168638456131, energy:0.10675053465857583]
Iters. done: 93 [Current cost: -5.005765364760955, energy:0.10451746687756752]
Iters. done: 94 [Current cost: -5.0280774596077, energy:0.09823476989872218]
Iters. done: 95 [Current cost: -5.045283463951098, energy:0.10189084259874626]
Iters. done: 96 [Current cost: -5.063552966078509, energy:0.10274932586900698]
Iters. done: 97 [Current cost: -5.081234957281269, energy:0.10417964226287951]
Iters. done: 98 [Current cost: -5.096167801465702, energy:0.1103201479150106]
Iters. done: 99 [Current cost: -5.113743203764044, energy:0.11074319396513731]
Iters. done: 100 [Current cost: -5.125195778983491, energy:0.12205623664174323]
Iters. done: 101 [Current cost: -5.142442311794635, energy:0.12190083753204327]
Iters. done: 102 [Current cost: -5.161431535481247, energy:0.11811965950280365]
Iters. done: 103 [Current cost: -5.179648272664129, energy:0.11535548265400104]
Iters. done: 104 [Current cost: -5.199048986146562, energy:0.11013377596890107]
Iters. done: 105 [Current cost: -5.21739479540718, energy:0.1064411212829919]
Iters. done: 106 [Current cost: -5.236711138256459, energy:0.10075860683746665]
Iters. done: 107 [Current cost: -5.253326697190427, energy:0.09936165293504365]
Iters. done: 108 [Current cost: -5.272501867660005, energy:0.09333372594853634]
Iters. done: 109 [Current cost: -5.2879236866731345, energy:0.09322353189122859]
Iters. done: 110 [Current cost: -5.297051646531833, energy:0.10290152081549359]
Iters. done: 111 [Current cost: -5.3126086524325915, energy:0.10167899918813608]
Iters. done: 112 [Current cost: -5.326603083544964, energy:0.10257274127681286]
Iters. done: 113 [Current cost: -5.338145344912059, energy:0.10688296962523246]
Iters. done: 114 [Current cost: -5.356510870549808, energy:0.1002701122905373]
Iters. done: 115 [Current cost: -5.368022793153617, energy:0.10384440084608869]
Iters. done: 116 [Current cost: -5.380857654665616, energy:0.10501051336424846]
Iters. done: 117 [Current cost: -5.3935128369040095, energy:0.10607862839677441]
Iters. done: 118 [Current cost: -5.391411462408303, energy:0.12824274015947457]
Iters. done: 119 [Current cost: -5.419277024510416, energy:0.10652139382635074]
Iters. done: 120 [Current cost: -5.42744369241609, energy:0.11295855715607839]
Iters. done: 121 [Current cost: -5.439036772777016, energy:0.11413088066235516]
Iters. done: 122 [Current cost: -5.461015357162301, energy:0.10058683980366524]
Iters. done: 123 [Current cost: -5.474107250208685, energy:0.0992394769469376]
Iters. done: 124 [Current cost: -5.484848719068646, energy:0.10082169608617503]
Iters. done: 125 [Current cost: -5.498956041460676, energy:0.09758240756205493]
Iters. done: 126 [Current cost: -5.508559932442699, energy:0.10010374891427118]
Iters. done: 127 [Current cost: -5.524495778327633, energy:0.09401540840420373]
Iters. done: 128 [Current cost: -5.529087311170416, energy:0.10247778158794756]
Iters. done: 129 [Current cost: -5.532616772809977, energy:0.11184466440424547]
Iters. done: 130 [Current cost: -5.545018116694024, energy:0.10954200655358047]
Iters. done: 131 [Current cost: -5.557111898584853, energy:0.10742771388312014]
Iters. done: 132 [Current cost: -5.569107124725585, energy:0.10523974094100225]
Iters. done: 133 [Current cost: -5.577653166654848, energy:0.10708200378101973]
Iters. done: 134 [Current cost: -5.588552862425244, energy:0.10580527720894224]
Iters. done: 135 [Current cost: -5.590506142106553, energy:0.11503872103676696]
Iters. done: 136 [Current cost: -5.601031538801381, energy:0.11370369866210446]
Iters. done: 137 [Current cost: -5.611841160043573, energy:0.11184514704432943]
Iters. done: 138 [Current cost: -5.615597100419867, energy:0.11799306593917443]
Iters. done: 139 [Current cost: -5.6249763458368225, energy:0.11735095386571247]
Iters. done: 140 [Current cost: -5.643198014320787, energy:0.10646277812455883]
Iters. done: 141 [Current cost: -5.650801738044519, energy:0.10754209972099674]
Iters. done: 142 [Current cost: -5.654822680867371, energy:0.11239623811882836]
Iters. done: 143 [Current cost: -5.659269194295683, energy:0.11649057678022288]
Iters. done: 144 [Current cost: -5.668736453499172, energy:0.11482929969281169]
Iters. done: 145 [Current cost: -5.677171001388015, energy:0.11413088066235418]
Iters. done: 146 [Current cost: -5.68831857595266, energy:0.11035351718665724]
Iters. done: 147 [Current cost: -5.696914939150818, energy:0.10917708223022249]
Iters. done: 148 [Current cost: -5.710817232156937, energy:0.10225978826944165]
Iters. done: 149 [Current cost: -5.718117946917024, energy:0.10218294126662202]
Iters. done: 150 [Current cost: -5.7397270625226176, energy:0.08713732170491204]
Iters. done: 151 [Current cost: -5.744247285003424, energy:0.08971467911349688]
Iters. done: 152 [Current cost: -5.749181056872337, energy:0.09166083042902427]
Iters. done: 153 [Current cost: -5.7529291524511335, energy:0.09460437497203292]
Iters. done: 154 [Current cost: -5.760485503844002, energy:0.09353757099431217]
Iters. done: 155 [Current cost: -5.774868263862312, energy:0.08558017447191459]
Iters. done: 156 [Current cost: -5.78266265903221, energy:0.08406928773821143]
Iters. done: 157 [Current cost: -5.789902386800126, energy:0.08297368229907079]
Iters. done: 158 [Current cost: -5.795373449757122, energy:0.08345481686286589]
Iters. done: 159 [Current cost: -5.79609461415421, energy:0.0883234681217194]
Iters. done: 160 [Current cost: -5.803011740909821, energy:0.08709454717066852]
Iters. done: 161 [Current cost: -5.815677969119001, energy:0.08034079528472299]
Iters. done: 162 [Current cost: -5.81909184203108, energy:0.08218798858966178]
Iters. done: 163 [Current cost: -5.818453119155794, energy:0.08761639760248764]
Iters. done: 164 [Current cost: -5.826608355174432, energy:0.08475845508787525]
Iters. done: 165 [Current cost: -5.829697559617862, energy:0.08642431601228168]
Iters. done: 166 [Current cost: -5.829570995462482, energy:0.09083624120587776]
Iters. done: 167 [Current cost: -5.834706021456836, energy:0.09034204920971127]
Iters. done: 168 [Current cost: -5.838061456375861, energy:0.09131161770716356]
Iters. done: 169 [Current cost: -5.842766443097795, energy:0.09095477364923295]
Iters. done: 170 [Current cost: -5.83820799691254, energy:0.09858065997304792]
Iters. done: 171 [Current cost: -5.849921429610426, energy:0.09185699464893521]
Iters. done: 172 [Current cost: -5.851599910337903, energy:0.09375772002474694]
Iters. done: 173 [Current cost: -5.8635503263332165, energy:0.08673777180618472]
Iters. done: 174 [Current cost: -5.874363717876747, energy:0.08067275238334934]
Iters. done: 175 [Current cost: -5.882931087205001, energy:0.07647733264701269]
Iters. done: 176 [Current cost: -5.892731068923476, energy:0.07120292602949188]
Iters. done: 177 [Current cost: -5.899767941825293, energy:0.06819147333134226]
Iters. done: 178 [Current cost: -5.9026085674586675, energy:0.06857680430820683]
Iters. done: 179 [Current cost: -5.897562242240046, energy:0.07530606831922315]
Iters. done: 180 [Current cost: -5.900066425519677, energy:0.07570251070756791]
Iters. done: 181 [Current cost: -5.913532376405588, energy:0.06714975106228485]
Iters. done: 182 [Current cost: -5.912499517195607, energy:0.07023215514296786]
Iters. done: 183 [Current cost: -5.918421028559147, energy:0.06764145764919247]
Iters. done: 184 [Current cost: -5.920605561340047, energy:0.06794263870740212]
Iters. done: 185 [Current cost: -5.93353778491898, energy:0.05971090930908096]
Iters. done: 186 [Current cost: -5.944322132162853, energy:0.053170514586922124]
Iters. done: 187 [Current cost: -5.939468413251713, energy:0.05873503426598851]
Iters. done: 188 [Current cost: -5.929529695674986, energy:0.06804319066639998]
Iters. done: 189 [Current cost: -5.946865352320053, energy:0.05630499670952821]
Iters. done: 190 [Current cost: -5.940231885600337, energy:0.062822462738606]
Iters. done: 191 [Current cost: -5.959136335821925, energy:0.04991416790488048]
Iters. done: 192 [Current cost: -5.953480034681452, energy:0.0554861561970197]
Iters. done: 193 [Current cost: -5.9563602814205145, energy:0.054548672564167615]
Iters. done: 194 [Current cost: -5.955683630458493, energy:0.056170654015804275]
Iters. done: 195 [Current cost: -5.972851256458886, energy:0.044578036973923874]
Iters. done: 196 [Current cost: -5.991970084094753, energy:0.03162377104182777]
Iters. done: 197 [Current cost: -5.989889019689971, energy:0.03413949976059366]
Iters. done: 198 [Current cost: -5.986217051720087, energy:0.03769299817837931]
Iters. done: 199 [Current cost: -5.985517374846594, energy:0.038994860024162865]
Iters. done: 200 [Current cost: -5.970684586805498, energy:0.05027232512415325]
Iters. done: 201 [Current cost: -5.990211795204081, energy:0.03701061282516755]
Iters. done: 202 [Current cost: -5.979928750814982, energy:0.04481437189710115]
Iters. done: 203 [Current cost: -5.996964063494764, energy:0.03334130474048437]
Iters. done: 204 [Current cost: -5.981082305338691, energy:0.04482368715817578]
Iters. done: 205 [Current cost: -6.000256678638846, energy:0.031865744791347725]
Iters. done: 206 [Current cost: -6.005744262192048, energy:0.028396218970063808]
Iters. done: 207 [Current cost: -6.01016322440153, energy:0.025628614088314672]
Iters. done: 208 [Current cost: -6.011914880779861, energy:0.024637326313768602]
Iters. done: 209 [Current cost: -6.007144994708194, energy:0.02799553055292507]
Iters. done: 210 [Current cost: -5.993490208759789, energy:0.0372165630126541]
Iters. done: 211 [Current cost: -6.00727717737194, energy:0.0279433013400599]
Iters. done: 212 [Current cost: -6.010176158534902, energy:0.025940294595220043]
Iters. done: 213 [Current cost: -6.009897842061142, energy:0.025994636392990572]
Iters. done: 214 [Current cost: -6.001634820766981, energy:0.031229662580637543]
Iters. done: 215 [Current cost: -6.006638843304531, energy:0.027681362552853882]
Iters. done: 216 [Current cost: -6.00683827528332, energy:0.027232040369808398]
Iters. done: 217 [Current cost: -6.010470447281245, energy:0.02451039818510619]
Iters. done: 218 [Current cost: -6.009399397456724, energy:0.02478117142832561]
Iters. done: 219 [Current cost: -6.00571090914599, energy:0.026663886596411418]
Iters. done: 220 [Current cost: -6.001228202644193, energy:0.0289744516276568]
Iters. done: 221 [Current cost: -6.001264016932777, energy:0.02834676755145904]
Iters. done: 222 [Current cost: -6.008735407498081, energy:0.022992308019887827]
Iters. done: 223 [Current cost: -6.0042352709584526, energy:0.025130670583717478]
Iters. done: 224 [Current cost: -6.013244352796149, energy:0.018782093238888665]
Iters. done: 225 [Current cost: -6.012199862533644, energy:0.018672224972045223]
Iters. done: 226 [Current cost: -6.012764123252378, energy:0.01751936176000878]
Iters. done: 227 [Current cost: -6.006923538615145, energy:0.020253102176176825]
Iters. done: 228 [Current cost: -6.013612054773086, energy:0.015264597466141016]
Iters. done: 229 [Current cost: -6.005247985058385, energy:0.01941236090593025]
Iters. done: 230 [Current cost: -6.003011615516599, energy:0.019767917249043]
Iters. done: 231 [Current cost: -6.000791051200903, energy:0.020061213766781764]
Iters. done: 232 [Current cost: -5.988947183364606, energy:0.026060467842849364]
Iters. done: 233 [Current cost: -5.998658544202047, energy:0.0191201589468055]
Iters. done: 234 [Current cost: -5.992640391679349, energy:0.021519189577389207]
Iters. done: 235 [Current cost: -6.002131723498117, energy:0.014703366097520609]
Iters. done: 236 [Current cost: -5.998923776176855, energy:0.015358511921619187]
Iters. done: 237 [Current cost: -5.98813304273297, energy:0.02039137206347255]
Iters. done: 238 [Current cost: -5.97734957981339, energy:0.025329310350440046]
Iters. done: 239 [Current cost: -5.9948312739722205, energy:0.013817686191278808]
Iters. done: 240 [Current cost: -5.996225766548059, energy:0.011636632857930276]
Iters. done: 241 [Current cost: -5.9833382623088305, energy:0.017621289228860887]
Iters. done: 242 [Current cost: -5.9765495896098795, energy:0.020028468887999806]
Iters. done: 243 [Current cost: -5.9797462657608795, energy:0.016696900231325654]
Iters. done: 244 [Current cost: -5.977968334995696, energy:0.01616827928153041]
Iters. done: 245 [Current cost: -5.9751939511206515, energy:0.01616466418626875]
Iters. done: 246 [Current cost: -5.963259491327684, energy:0.021258284408519894]
Iters. done: 247 [Current cost: -5.969188682296711, energy:0.01629207657218759]
Iters. done: 248 [Current cost: -5.975292079637586, energy:0.011233882550353675]
Iters. done: 249 [Current cost: -5.9662077918913505, energy:0.014586398271479189]
Iters. done: 250 [Current cost: -5.953451429587854, energy:0.019896941543474322]
Iters. done: 251 [Current cost: -5.9556796561709255, energy:0.016899285590576872]
Iters. done: 252 [Current cost: -5.9570955390738485, energy:0.014333925740500117]
Iters. done: 253 [Current cost: -5.948788989683798, energy:0.017044865222631243]
Iters. done: 254 [Current cost: -5.931668439353184, energy:0.024476809928577536]
Iters. done: 255 [Current cost: -5.9489461202835905, energy:0.013238716847995267]
Iters. done: 256 [Current cost: -5.948590049140798, energy:0.01153953146708681]
Iters. done: 257 [Current cost: -5.935246392643393, energy:0.01677222895791576]
Iters. done: 258 [Current cost: -5.9336981917964815, energy:0.015638370028017604]
Iters. done: 259 [Current cost: -5.931845868721421, energy:0.014641060239911007]
Iters. done: 260 [Current cost: -5.915652382312541, energy:0.021206274141678142]
Iters. done: 261 [Current cost: -5.929229769088691, energy:0.011996374820125593]
Iters. done: 262 [Current cost: -5.927729194243154, energy:0.010741347143671599]
Iters. done: 263 [Current cost: -5.921221897388825, energy:0.012080747743423171]
Iters. done: 264 [Current cost: -5.89513677108014, energy:0.02357776624335497]
Iters. done: 265 [Current cost: -5.918066088734352, energy:0.00951945806879764]
Iters. done: 266 [Current cost: -5.90505888581974, energy:0.014112618705779139]
Iters. done: 267 [Current cost: -5.901289661122364, energy:0.013884378965770076]
Iters. done: 268 [Current cost: -5.874598036172512, energy:0.025391587302319517]
Iters. done: 269 [Current cost: -5.891414867582187, energy:0.014536461827878041]
Iters. done: 270 [Current cost: -5.86443766279093, energy:0.026043059557076854]
Iters. done: 271 [Current cost: -5.872608120108531, energy:0.019593681421650286]
Iters. done: 272 [Current cost: -5.870871650849567, energy:0.018174484321577814]
Iters. done: 273 [Current cost: -5.8631312996001, energy:0.01976234535848461]
Iters. done: 274 [Current cost: -5.846632084742314, energy:0.02571056236224569]
Iters. done: 275 [Current cost: -5.863089578193178, energy:0.015096775310684115]
Iters. done: 276 [Current cost: -5.868987277255628, energy:0.009799629601887815]
Iters. done: 277 [Current cost: -5.851288546803673, energy:0.016228541796698533]
Iters. done: 278 [Current cost: -5.8287685890513865, energy:0.024977892121788175]
Iters. done: 279 [Current cost: -5.833770662504136, energy:0.020058655158929756]
Iters. done: 280 [Current cost: -5.826090027251907, energy:0.02138503571896716]
Iters. done: 281 [Current cost: -5.827938630225205, energy:0.018006692294643776]
Iters. done: 282 [Current cost: -5.827307290023183, energy:0.015837617669521097]
Iters. done: 283 [Current cost: -5.8203844985700295, energy:0.01671959915185097]
Iters. done: 284 [Current cost: -5.81994342348047, energy:0.014427586035026791]
Iters. done: 285 [Current cost: -5.816811495199757, energy:0.013427066839414088]
Iters. done: 286 [Current cost: -5.787979268865377, energy:0.024794627429934473]
Iters. done: 287 [Current cost: -5.803302607333377, energy:0.014852066180960582]
Iters. done: 288 [Current cost: -5.810313259523806, energy:0.00893613994495611]
Iters. done: 289 [Current cost: -5.786422160416615, energy:0.017773876770999654]
Iters. done: 290 [Current cost: -5.7928659433475405, energy:0.01210788357492872]
Iters. done: 291 [Current cost: -5.778809683731327, energy:0.016172844798149746]
Iters. done: 292 [Current cost: -5.75251188909114, energy:0.025982294654166876]
Iters. done: 293 [Current cost: -5.752217358270738, energy:0.023448658004644088]
Iters. done: 294 [Current cost: -5.73834707301383, energy:0.02729248032911378]
Iters. done: 295 [Current cost: -5.746553298700275, energy:0.020743109368121595]
Iters. done: 296 [Current cost: -5.754677178117114, energy:0.014256094287471186]
Iters. done: 297 [Current cost: -5.752232891986037, energy:0.012707694897167965]
Iters. done: 298 [Current cost: -5.719668963913847, energy:0.025128203142918377]
Iters. done: 299 [Current cost: -5.734098239748831, energy:0.015703389029663825]
Iters. done: 300 [Current cost: -5.701313893056235, energy:0.02810741042771249]
Iters. done: 301 [Current cost: -5.7263687278713995, energy:0.01379864740728986]
Iters. done: 302 [Current cost: -5.694506104970363, energy:0.025670001743989392]
Iters. done: 303 [Current cost: -5.712111851988165, energy:0.014821675380167085]
Iters. done: 304 [Current cost: -5.674355736519082, energy:0.02927634495915558]
Iters. done: 305 [Current cost: -5.695398719804789, energy:0.016873369321577177]
Iters. done: 306 [Current cost: -5.677550279216603, energy:0.02216820069636024]
Iters. done: 307 [Current cost: -5.687791385708044, energy:0.014710939676988036]
Iters. done: 308 [Current cost: -5.673381921099915, energy:0.0183930056202606]
Iters. done: 309 [Current cost: -5.686813124299558, energy:0.009522466382519424]
Iters. done: 310 [Current cost: -5.644956049571587, energy:0.025472055916979056]
Iters. done: 311 [Current cost: -5.64999647051299, energy:0.020339575290576506]
Iters. done: 312 [Current cost: -5.646387493238918, energy:0.01907901037724196]
Iters. done: 313 [Current cost: -5.642854147961859, energy:0.017774786146743514]
Iters. done: 314 [Current cost: -5.649993491258297, energy:0.011728617620320179]
Iters. done: 315 [Current cost: -5.623067548033639, energy:0.020766219533424154]
Iters. done: 316 [Current cost: -5.612352046326465, energy:0.022589142983061947]
Iters. done: 317 [Current cost: -5.6276385477807604, energy:0.012939977755533606]
Iters. done: 318 [Current cost: -5.625661159498104, energy:0.010906085660186242]
Iters. done: 319 [Current cost: -5.601888286462361, energy:0.01840579813663947]
Iters. done: 320 [Current cost: -5.5951509016168615, energy:0.01841429539358646]
Iters. done: 321 [Current cost: -5.587942110987234, energy:0.018612833503038995]
Iters. done: 322 [Current cost: -5.589922377011251, energy:0.014802253934839481]
Iters. done: 323 [Current cost: -5.574650946449211, energy:0.018473434101898598]
Iters. done: 324 [Current cost: -5.556798078355985, energy:0.023231216945559748]
Iters. done: 325 [Current cost: -5.553789616965291, energy:0.021543574093354292]
Iters. done: 326 [Current cost: -5.58101630293273, energy:0.006848190239907261]
Iters. done: 327 [Current cost: -5.554137171731416, energy:0.015419607327091195]
Iters. done: 328 [Current cost: -5.536267804584889, energy:0.02008667753981304]
Iters. done: 329 [Current cost: -5.546629802075098, energy:0.012657051294358849]
Iters. done: 330 [Current cost: -5.534596625902662, energy:0.0147919039754846]
Iters. done: 331 [Current cost: -5.496618706015016, energy:0.027946818972879164]
Iters. done: 332 [Current cost: -5.48017796553189, energy:0.03188981177843328]
Iters. done: 333 [Current cost: -5.494532735328361, energy:0.022741327686899116]
Iters. done: 334 [Current cost: -5.474119043329076, energy:0.02832973119011606]
Iters. done: 335 [Current cost: -5.499030462576769, energy:0.014763353964952848]
Iters. done: 336 [Current cost: -5.431864071385152, energy:0.04001357905796851]
Iters. done: 337 [Current cost: -5.486824340368006, energy:0.01381629021196047]
Iters. done: 338 [Current cost: -5.4306419789705025, energy:0.034313760467160906]
Iters. done: 339 [Current cost: -5.475723121819433, energy:0.012367900590872455]
Iters. done: 340 [Current cost: -5.457185648403212, energy:0.017039457902104354]
Iters. done: 341 [Current cost: -5.435747527428994, energy:0.022890494842740125]
Iters. done: 342 [Current cost: -5.423384120396511, energy:0.024939235144268372]
Iters. done: 343 [Current cost: -5.435549854352014, energy:0.01680347490294462]
Iters. done: 344 [Current cost: -5.389159067706401, energy:0.03291453016067692]
Iters. done: 345 [Current cost: -5.412221580392692, energy:0.02026370345066534]
Iters. done: 346 [Current cost: -5.3733947362778975, energy:0.033166774555719064]
Iters. done: 347 [Current cost: -5.410741281682055, energy:0.01467977537160142]
Iters. done: 348 [Current cost: -5.396455250211832, energy:0.017439047877776025]
Iters. done: 349 [Current cost: -5.372905757931749, energy:0.023970091324448356]
Iters. done: 350 [Current cost: -5.358121297199093, energy:0.02688781371065648]
Iters. done: 351 [Current cost: -5.38118795596678, energy:0.014353305864678792]
Iters. done: 352 [Current cost: -5.3445305728281225, energy:0.026152203443030264]
Iters. done: 353 [Current cost: -5.353823351658575, energy:0.019237608150419278]
Iters. done: 354 [Current cost: -5.339704625127725, energy:0.02182954278682555]
Iters. done: 355 [Current cost: -5.346384790723773, energy:0.015992527592016532]
Iters. done: 356 [Current cost: -5.331801960979061, energy:0.01874718237013208]
Iters. done: 357 [Current cost: -5.335632616243335, energy:0.014069641940819708]
Iters. done: 358 [Current cost: -5.328112720784006, energy:0.013960834519951816]
Iters. done: 359 [Current cost: -5.310827606230228, energy:0.017758829851403396]
Iters. done: 360 [Current cost: -5.303693617277502, energy:0.017470953666439908]
Iters. done: 361 [Current cost: -5.295772960343499, energy:0.017489732555022577]
Iters. done: 362 [Current cost: -5.291219450778145, energy:0.016156789322970894]
Iters. done: 363 [Current cost: -5.268366706050353, energy:0.022108751953654977]
Iters. done: 364 [Current cost: -5.270130940372716, energy:0.018241678951012932]
Iters. done: 365 [Current cost: -5.262447752527567, energy:0.018130932040642568]
Iters. done: 366 [Current cost: -5.260495179667019, energy:0.015742967234523376]
Iters. done: 367 [Current cost: -5.2426681993132105, energy:0.019631772951381972]
Iters. done: 368 [Current cost: -5.245249448107004, energy:0.015443694792541731]
Iters. done: 369 [Current cost: -5.232385560727691, energy:0.01734764619296602]
Iters. done: 370 [Current cost: -5.226526697201172, energy:0.016482521584158957]
Iters. done: 371 [Current cost: -5.20918834946668, energy:0.02012139031859238]
Iters. done: 372 [Current cost: -5.21390534540794, energy:0.01509305691205762]
Iters. done: 373 [Current cost: -5.2019989280732375, energy:0.016580040722199516]
Iters. done: 374 [Current cost: -5.197460223296158, energy:0.015177056328908492]
Iters. done: 375 [Current cost: -5.19253084997629, energy:0.013924301947182909]
Iters. done: 376 [Current cost: -5.200333752742887, energy:0.007718681500734436]
Iters. done: 377 [Current cost: -5.178656037297348, energy:0.012970902688909674]
Iters. done: 378 [Current cost: -5.166224261977756, energy:0.014617507647049761]
Iters. done: 379 [Current cost: -5.151163177072777, energy:0.017272012405168475]
Iters. done: 380 [Current cost: -5.147053590750331, energy:0.015674323580203414]
Iters. done: 381 [Current cost: -5.138173151819202, energy:0.015918356686395043]
Iters. done: 382 [Current cost: -5.134307439735675, energy:0.014221433548196922]
Iters. done: 383 [Current cost: -5.118477975882962, energy:0.017130500045917887]
Iters. done: 384 [Current cost: -5.115931602693096, energy:0.014916750396059025]
Iters. done: 385 [Current cost: -5.107563928636187, energy:0.014938916611354316]
Iters. done: 386 [Current cost: -5.1002430451039995, energy:0.014553859410214769]
Iters. done: 387 [Current cost: -5.090036851519966, energy:0.015268468484255556]
Iters. done: 388 [Current cost: -5.079723662720674, energy:0.016016328735371607]
Iters. done: 389 [Current cost: -5.071016185056658, energy:0.016143494643951508]
Iters. done: 390 [Current cost: -5.063817499985218, energy:0.015689602694972785]
Iters. done: 391 [Current cost: -5.061914570076666, energy:0.013216536023116465]
Iters. done: 392 [Current cost: -5.045676709390753, energy:0.0161925890609071]
Iters. done: 393 [Current cost: -5.037241701994337, energy:0.016193949135679855]
Iters. done: 394 [Current cost: -5.030732997435753, energy:0.015459909906549274]
Iters. done: 395 [Current cost: -5.021797312946568, energy:0.01564165155049966]
Iters. done: 396 [Current cost: -5.01405632110695, energy:0.015366303385383655]
Iters. done: 397 [Current cost: -5.007993099183474, energy:0.01445354085578043]
Iters. done: 398 [Current cost: -5.002166991879666, energy:0.013449295268616112]
Iters. done: 399 [Current cost: -4.986717466775943, energy:0.016065859670561414]
Iters. done: 400 [Current cost: -4.981437752424875, energy:0.014846958079122636]
Iters. done: 401 [Current cost: -4.9679485512348975, energy:0.016710328413031005]
Iters. done: 402 [Current cost: -4.96216091369471, energy:0.015675143565612636]
Iters. done: 403 [Current cost: -4.9472137527298665, energy:0.01807112935154148]
Iters. done: 404 [Current cost: -4.947372100246552, energy:0.014802653172809025]
Iters. done: 405 [Current cost: -4.931562927574981, energy:0.017507193929708356]
Iters. done: 406 [Current cost: -4.930895560179692, energy:0.01454786587349268]
Iters. done: 407 [Current cost: -4.9211000760488055, energy:0.014995384724173208]
Iters. done: 408 [Current cost: -4.915531755010219, energy:0.013864198212028432]
Iters. done: 409 [Current cost: -4.9041154623338095, energy:0.014906377689641348]
Iters. done: 410 [Current cost: -4.896721299053102, energy:0.014448500506080023]
Iters. done: 411 [Current cost: -4.884984881758665, energy:0.015599174729191617]
Iters. done: 412 [Current cost: -4.875420585569943, energy:0.01593867759388829]
Iters. done: 413 [Current cost: -4.86617177429536, energy:0.016157125012967545]
Iters. done: 414 [Current cost: -4.860272319896838, energy:0.01513282476135416]
Iters. done: 415 [Current cost: -4.841413439454574, energy:0.018897087685171732]
Iters. done: 416 [Current cost: -4.8440374008157345, energy:0.014718308656100677]
Iters. done: 417 [Current cost: -4.831457937998684, energy:0.016151751955490144]
Iters. done: 418 [Current cost: -4.826833032355618, energy:0.014649798339145457]
Iters. done: 419 [Current cost: -4.812939636381052, energy:0.01655757965968304]
Iters. done: 420 [Current cost: -4.8088901460425895, energy:0.014840771474101871]
Iters. done: 421 [Current cost: -4.801797810862514, energy:0.014241966991058879]
Iters. done: 422 [Current cost: -4.789473089162518, energy:0.015560018720240628]
Iters. done: 423 [Current cost: -4.78609963100419, energy:0.013594088748766938]
Iters. done: 424 [Current cost: -4.773475353267466, energy:0.015014068147401478]
Iters. done: 425 [Current cost: -4.772082503286834, energy:0.012324140253335945]
Iters. done: 426 [Current cost: -4.7566202522062575, energy:0.014773084922400679]
Iters. done: 427 [Current cost: -4.741010984874396, energy:0.01727046814874037]
Iters. done: 428 [Current cost: -4.740790293665961, energy:0.014149612853851837]
Iters. done: 429 [Current cost: -4.7340550721750585, energy:0.013405835640243842]
Iters. done: 430 [Current cost: -4.720174334463758, energy:0.01526033483130656]
Iters. done: 431 [Current cost: -4.709750113052167, energy:0.015853265475059462]
Iters. done: 432 [Current cost: -4.703529373889133, energy:0.01491613922042366]
Iters. done: 433 [Current cost: -4.677141827426868, energy:0.021303190779841125]
Iters. done: 434 [Current cost: -4.685696625896655, energy:0.014995601290053553]
Iters. done: 435 [Current cost: -4.677300153685144, energy:0.014843996591732312]
Iters. done: 436 [Current cost: -4.669540379159861, energy:0.014460408753206649]
Iters. done: 437 [Current cost: -4.654691200015556, energy:0.016639593868061478]
Iters. done: 438 [Current cost: -4.653445854677933, energy:0.013897661616542456]
Iters. done: 439 [Current cost: -4.639610301762316, energy:0.015703814594017533]
Iters. done: 440 [Current cost: -4.631109302680559, energy:0.01558129288862048]
Iters. done: 441 [Current cost: -4.623974638798246, energy:0.014964952698634102]
Iters. done: 442 [Current cost: -4.614236631139006, energy:0.015285722091165034]
Iters. done: 443 [Current cost: -4.604956117799364, energy:0.015439942036048582]
Iters. done: 444 [Current cost: -4.593105481724752, energy:0.016517042843716672]
Iters. done: 445 [Current cost: -4.586840081941366, energy:0.015583752586526221]
Iters. done: 446 [Current cost: -4.577817286048666, energy:0.015640957439893008]
Iters. done: 447 [Current cost: -4.570777844384207, energy:0.01498527548618744]
Iters. done: 448 [Current cost: -4.562698648398956, energy:0.014702261175400272]
Iters. done: 449 [Current cost: -4.552315364102589, energy:0.015243955255983573]
Iters. done: 450 [Current cost: -4.545950283982585, energy:0.014345514401573676]
Iters. done: 451 [Current cost: -4.534980769032618, energy:0.01509434829278082]
Iters. done: 452 [Current cost: -4.523621715535171, energy:0.015980738287430536]
Iters. done: 453 [Current cost: -4.518206831297519, energy:0.014741280640136243]
Iters. done: 454 [Current cost: -4.511898356933138, energy:0.013822118187646516]
Iters. done: 455 [Current cost: -4.498360826951894, energy:0.015481981411625427]
Iters. done: 456 [Current cost: -4.486213553312646, energy:0.01664400359346916]
Iters. done: 457 [Current cost: -4.4813683666164605, energy:0.015201242314713611]
Iters. done: 458 [Current cost: -4.473920159252303, energy:0.014687107632774227]
Iters. done: 459 [Current cost: -4.463497662969767, energy:0.015231466212194249]
Iters. done: 460 [Current cost: -4.452757732187923, energy:0.015887719308918583]
Iters. done: 461 [Current cost: -4.446278606536068, energy:0.015028102909710381]
Iters. done: 462 [Current cost: -4.432321397330899, energy:0.01682620666463696]
Iters. done: 463 [Current cost: -4.4289375451511885, energy:0.014867059226977439]
Iters. done: 464 [Current cost: -4.4103499291787776, energy:0.018306928851564964]
Iters. done: 465 [Current cost: -4.411423039266546, energy:0.014766800869301608]
Iters. done: 466 [Current cost: -4.398766867327695, energy:0.01609847984357942]
Iters. done: 467 [Current cost: -4.392556228392089, energy:0.01514505267252641]
Iters. done: 468 [Current cost: -4.382440704310407, energy:0.015575284824473484]
Iters. done: 469 [Current cost: -4.37530075104002, energy:0.01495204899057705]
Iters. done: 470 [Current cost: -4.365191093038216, energy:0.015379822447175458]
Iters. done: 471 [Current cost: -4.356236847216975, energy:0.015398795742043375]
Iters. done: 472 [Current cost: -4.349327653136765, energy:0.014695332984673983]
Iters. done: 473 [Current cost: -4.338140381659896, energy:0.015503479708163027]
Iters. done: 474 [Current cost: -4.332202858248905, energy:0.014458078389914595]
Iters. done: 475 [Current cost: -4.321936102723094, energy:0.0149411823592932]
Iters. done: 476 [Current cost: -4.315111325077844, energy:0.014210560079043347]
Iters. done: 477 [Current cost: -4.303458014539245, energy:0.01518263666038893]
Iters. done: 478 [Current cost: -4.295707499221532, energy:0.01477932134370227]
Iters. done: 479 [Current cost: -4.285184353945717, energy:0.015353239313649614]
Iters. done: 480 [Current cost: -4.275011021611877, energy:0.0158040989807127]
Iters. done: 481 [Current cost: -4.267315262876488, energy:0.015383093977550813]
Iters. done: 482 [Current cost: -4.2579133790879045, energy:0.015563243577132813]
Iters. done: 483 [Current cost: -4.247918935695847, energy:0.01595229161389058]
Iters. done: 484 [Current cost: -4.238367894306133, energy:0.016185835880588268]
Iters. done: 485 [Current cost: -4.232547182119605, energy:0.01510892027932583]
Iters. done: 486 [Current cost: -4.224650678269513, energy:0.014762862528605291]
Iters. done: 487 [Current cost: -4.21416261601828, energy:0.015327665345407242]
Iters. done: 488 [Current cost: -4.198761659132772, energy:0.017618528358723275]
Iters. done: 489 [Current cost: -4.196083862322521, energy:0.01544207534132683]
Iters. done: 490 [Current cost: -4.18696819944778, energy:0.015527313066689554]
Iters. done: 491 [Current cost: -4.1804074064966334, energy:0.014717616704090017]
Iters. done: 492 [Current cost: -4.170866875968212, energy:0.014953823635394038]
Iters. done: 493 [Current cost: -4.161459468126272, energy:0.015144273868511061]
Iters. done: 494 [Current cost: -4.1489672008596505, energy:0.016416684124628517]
Iters. done: 495 [Current cost: -4.144438734253787, energy:0.01489976076718751]
Iters. done: 496 [Current cost: -4.13890276410245, energy:0.013738326273117081]
Iters. done: 497 [Current cost: -4.126777044453376, energy:0.014884371987537084]
Iters. done: 498 [Current cost: -4.116384162471604, energy:0.015425072258618316]
Iters. done: 499 [Current cost: -4.108725622617183, energy:0.015010146324599424]
Iters. done: 500 [Current cost: -4.096127505054699, energy:0.016324664149374078]
Iters. done: 501 [Current cost: -4.091719088343202, energy:0.014775584535802442]
Iters. done: 502 [Current cost: -4.07850482245054, energy:0.016307586789285063]
Iters. done: 503 [Current cost: -4.071304211139416, energy:0.015737937378096024]
Iters. done: 504 [Current cost: -4.059376718540659, energy:0.01682252586547583]
Iters. done: 505 [Current cost: -4.056805530509818, energy:0.014638163178872987]
Iters. done: 506 [Current cost: -4.046787794072271, energy:0.015057799856531308]
Iters. done: 507 [Current cost: -4.038329342621211, energy:0.014934308875224808]
Iters. done: 508 [Current cost: -4.026723634492506, energy:0.01591150299137802]
Iters. done: 509 [Current cost: -4.019141123917582, energy:0.015485151796360843]
Iters. done: 510 [Current cost: -4.014908385734806, energy:0.013891736843126406]
Iters. done: 511 [Current cost: -4.001417604771735, energy:0.015530980526956917]
Iters. done: 512 [Current cost: -3.9932194670255465, energy:0.015324817193147948]
Iters. done: 513 [Current cost: -3.9838486163406412, energy:0.015529681443095796]
Iters. done: 514 [Current cost: -3.975955845512962, energy:0.015220545179791833]
Iters. done: 515 [Current cost: -3.9686107130849613, energy:0.014722330199686658]
Iters. done: 516 [Current cost: -3.9579497520281377, energy:0.01538252251358563]
Iters. done: 517 [Current cost: -3.9488532473795135, energy:0.015498876615616844]
Iters. done: 518 [Current cost: -3.9408529869013655, energy:0.015234781367965734]
Iters. done: 519 [Current cost: -3.9325819292520254, energy:0.015067118373445057]
Iters. done: 520 [Current cost: -3.9199498008965357, energy:0.016422387060434532]
Iters. done: 521 [Current cost: -3.914379386300663, energy:0.015316686922863169]
Iters. done: 522 [Current cost: -3.9061923565448886, energy:0.01512573835244356]
Iters. done: 523 [Current cost: -3.897077348969723, energy:0.015260369882305587]
Iters. done: 524 [Current cost: -3.887409633791999, energy:0.015589780824108565]
Iters. done: 525 [Current cost: -3.8792394089904683, energy:0.015399228483081458]
Iters. done: 526 [Current cost: -3.8713788816652093, energy:0.015102908319227884]
Iters. done: 527 [Current cost: -3.862288573151867, energy:0.015237436668368493]
Iters. done: 528 [Current cost: -3.852460595659897, energy:0.015631330753816848]
Iters. done: 529 [Current cost: -3.8445137546159844, energy:0.015371700477498017]
Iters. done: 530 [Current cost: -3.8351561133482455, energy:0.01560614515349941]
Iters. done: 531 [Current cost: -3.8284857430719597, energy:0.01490618155044529]
Iters. done: 532 [Current cost: -3.8187600848842957, energy:0.01527346440008401]
Iters. done: 533 [Current cost: -3.810219403208301, energy:0.015230090345226398]
Iters. done: 534 [Current cost: -3.8009313487074903, energy:0.015449625613440121]
Iters. done: 535 [Current cost: -3.79277137968568, energy:0.015278317565093801]
Iters. done: 536 [Current cost: -3.7832776121799845, energy:0.01557444639416441]
Iters. done: 537 [Current cost: -3.775302048666656, energy:0.015343725083269618]
Iters. done: 538 [Current cost: -3.768817614700839, energy:0.01459571524620266]
Iters. done: 539 [Current cost: -3.75897049885714, energy:0.0150224031724042]
Iters. done: 540 [Current cost: -3.7499752418979924, energy:0.015154734920191888]
Iters. done: 541 [Current cost: -3.7415207643989286, energy:0.015101085526596484]
Iters. done: 542 [Current cost: -3.7321837668638933, energy:0.015357805764520269]
Iters. done: 543 [Current cost: -3.724092487083058, energy:0.0151826981992979]
Iters. done: 544 [Current cost: -3.715238238615655, energy:0.015276352711306923]
Iters. done: 545 [Current cost: -3.7059440788255773, energy:0.01552619573549439]
Iters. done: 546 [Current cost: -3.69691907571222, energy:0.015684896917882517]
Iters. done: 547 [Current cost: -3.6903789704700416, energy:0.014979185193310623]
Iters. done: 548 [Current cost: -3.677070095947553, energy:0.01663888146587321]
Iters. done: 549 [Current cost: -3.6724446526151553, energy:0.01526984790327723]
Iters. done: 550 [Current cost: -3.6633140298856586, energy:0.015476519281230535]
Iters. done: 551 [Current cost: -3.6562810485298525, energy:0.014953668960339736]
Iters. done: 552 [Current cost: -3.646036216710935, energy:0.01555511707878579]
Iters. done: 553 [Current cost: -3.6376060746929637, energy:0.015525811946216378]
Iters. done: 554 [Current cost: -3.629852188511983, energy:0.015263141147432935]
Iters. done: 555 [Current cost: -3.6213832677040125, energy:0.015253151155062273]
Iters. done: 556 [Current cost: -3.6127954138217175, energy:0.015287666873354264]
Iters. done: 557 [Current cost: -3.605186807513959, energy:0.01498290304338941]
Iters. done: 558 [Current cost: -3.595757063127831, energy:0.015317651992976185]
Iters. done: 559 [Current cost: -3.586325185366875, energy:0.015656364796638567]
Iters. done: 560 [Current cost: -3.5796496942212235, energy:0.015034123107615179]
Iters. done: 561 [Current cost: -3.5688651469164756, energy:0.01585227979603598]
Iters. done: 562 [Current cost: -3.5620809174134855, energy:0.015273932592067137]
Iters. done: 563 [Current cost: -3.5526405625415425, energy:0.015628204872457543]
Iters. done: 564 [Current cost: -3.5451817623560746, energy:0.015291985105572304]
Iters. done: 565 [Current cost: -3.5372897079480317, energy:0.015110507781594156]
Iters. done: 566 [Current cost: -3.5287870425408476, energy:0.015145978445677593]
Iters. done: 567 [Current cost: -3.5185501870526035, energy:0.015792334534930307]
Iters. done: 568 [Current cost: -3.511374278830691, energy:0.015369374052167276]
Iters. done: 569 [Current cost: -3.5035019354733308, energy:0.015193631204953777]
Iters. done: 570 [Current cost: -3.4949895986275936, energy:0.015245465830726116]
Iters. done: 571 [Current cost: -3.487216598829473, energy:0.015041295153419324]
Iters. done: 572 [Current cost: -3.4777808228584624, energy:0.015423693061518768]
Iters. done: 573 [Current cost: -3.4700368255737626, energy:0.01521587598908031]
Iters. done: 574 [Current cost: -3.461724104744917, energy:0.015210947875898884]
Iters. done: 575 [Current cost: -3.4534282102726888, energy:0.01520346932440841]
Iters. done: 576 [Current cost: -3.445366177682454, energy:0.015117214649875463]
Iters. done: 577 [Current cost: -3.437176106972294, energy:0.015079299383930687]
Iters. done: 578 [Current cost: -3.428166652116238, energy:0.01533282079307168]
Iters. done: 579 [Current cost: -3.4211091979841166, energy:0.014903543797600165]
Iters. done: 580 [Current cost: -3.411736556808022, energy:0.015291821626570218]
Iters. done: 581 [Current cost: -3.4033429464659983, energy:0.015339355600320124]
Iters. done: 582 [Current cost: -3.395084846709394, energy:0.015342717566909855]
Iters. done: 583 [Current cost: -3.386205790565252, energy:0.01556831701604865]
Iters. done: 584 [Current cost: -3.378733504105585, energy:0.015301948782447354]
Iters. done: 585 [Current cost: -3.3704009151229126, energy:0.015342177416755752]
Iters. done: 586 [Current cost: -3.362258245328721, energy:0.015319048694039763]
Iters. done: 587 [Current cost: -3.3544256679527704, energy:0.015190120021619402]
Iters. done: 588 [Current cost: -3.346366299669827, energy:0.015144731062390242]
Iters. done: 589 [Current cost: -3.338292440225011, energy:0.015108052275906458]
Iters. done: 590 [Current cost: -3.3294383356430703, energy:0.015350539600259444]
Iters. done: 591 [Current cost: -3.3214012893567375, energy:0.015308224163278568]
Iters. done: 592 [Current cost: -3.3127490583794486, energy:0.01548702251305846]
Iters. done: 593 [Current cost: -3.305019673289299, energy:0.01534331533004804]
Iters. done: 594 [Current cost: -3.297049202445787, energy:0.015288505840083951]
Iters. done: 595 [Current cost: -3.2900004471589686, energy:0.014911196644228044]
Iters. done: 596 [Current cost: -3.2810102946558692, energy:0.01522467017256602]
Iters. done: 597 [Current cost: -3.273408299580627, energy:0.01505048438656687]
Iters. done: 598 [Current cost: -3.2648581742814766, energy:0.015215942485656903]
Iters. done: 599 [Current cost: -3.2562458419426124, energy:0.01540744087706258]
Iters. done: 600 [Current cost: -3.249042245432708, energy:0.015103171842285153]
Iters. done: 601 [Current cost: -3.241163957437755, energy:0.015041928147277317]
Iters. done: 602 [Current cost: -3.231841256935608, energy:0.015497404935601113]
Iters. done: 603 [Current cost: -3.2247027341441004, energy:0.015181175073735405]
Iters. done: 604 [Current cost: -3.216664244641431, energy:0.015188442840190554]
Iters. done: 605 [Current cost: -3.207603787992837, energy:0.015563114356476417]
Iters. done: 606 [Current cost: -3.2006436763470294, energy:0.015194666216770297]
Iters. done: 607 [Current cost: -3.1924626474269475, energy:0.01526447014987263]
Iters. done: 608 [Current cost: -3.184689411228556, energy:0.015193045298581766]
Iters. done: 609 [Current cost: -3.176876152667903, energy:0.015139779626393103]
Iters. done: 610 [Current cost: -3.168515095932673, energy:0.01528577413025143]
Iters. done: 611 [Current cost: -3.16138282603226, energy:0.014997539908344295]
Iters. done: 612 [Current cost: -3.152976000854409, energy:0.015167958072475597]
Iters. done: 613 [Current cost: -3.144412327558084, energy:0.01539864291502095]
Iters. done: 614 [Current cost: -3.1365856701673964, energy:0.015370230153880546]
Iters. done: 615 [Current cost: -3.1298691636711644, energy:0.014948899198511457]
Iters. done: 616 [Current cost: -3.1212498852303265, energy:0.015211904114694995]
Iters. done: 617 [Current cost: -3.1140470867237595, energy:0.01497225676584684]
Iters. done: 618 [Current cost: -3.105065530452203, energy:0.015373560097388043]
Iters. done: 619 [Current cost: -3.097774805587579, energy:0.01517344076527231]
Iters. done: 620 [Current cost: -3.089648323348023, energy:0.015276953577565781]
Iters. done: 621 [Current cost: -3.0822655759843163, energy:0.015117853425310503]
Iters. done: 622 [Current cost: -3.074197570253046, energy:0.01520877117918845]
Iters. done: 623 [Current cost: -3.065918526320083, energy:0.015379813374556876]
Iters. done: 624 [Current cost: -3.0585752241085014, energy:0.015218830465305937]
Iters. done: 625 [Current cost: -3.0506829545106213, energy:0.015259345461854259]
Iters. done: 626 [Current cost: -3.0428292293532135, energy:0.015290256377654361]
Iters. done: 627 [Current cost: -3.0351692147116296, energy:0.015255662828958955]
Iters. done: 628 [Current cost: -3.027307465106438, energy:0.015297985292630037]
Iters. done: 629 [Current cost: -3.0196146292245403, energy:0.01528369875878515]
Iters. done: 630 [Current cost: -3.0120510324934253, energy:0.015227023159382643]
Iters. done: 631 [Current cost: -3.003863921993201, energy:0.015399747961870693]
Iters. done: 632 [Current cost: -2.9958703402253617, energy:0.015507070793671382]
Iters. done: 633 [Current cost: -2.988744769411183, energy:0.015304913080943089]
Iters. done: 634 [Current cost: -2.981017969848759, energy:0.015324402083852533]
Iters. done: 635 [Current cost: -2.97340957995875, energy:0.015305375203042022]
Iters. done: 636 [Current cost: -2.9658601638434337, energy:0.015269302562987667]
Iters. done: 637 [Current cost: -2.958270362457358, energy:0.015252189354654102]
Iters. done: 638 [Current cost: -2.9503531174077327, energy:0.015358256840681801]
Iters. done: 639 [Current cost: -2.943063005724396, energy:0.015241117105159744]
Iters. done: 640 [Current cost: -2.935213471247102, energy:0.015331512492732551]
Iters. done: 641 [Current cost: -2.9276863542011284, energy:0.015309197045284073]
Iters. done: 642 [Current cost: -2.9201948909803286, energy:0.01527830009112825]
Iters. done: 643 [Current cost: -2.9127625363801544, energy:0.01523027004583222]
Iters. done: 644 [Current cost: -2.9048047764841862, energy:0.015378112525044695]
Iters. done: 645 [Current cost: -2.8976619748179195, energy:0.015233387047323353]
Iters. done: 646 [Current cost: -2.8903530179789807, energy:0.015153574937095845]
Iters. done: 647 [Current cost: -2.882783818859076, energy:0.015173182977839173]
Iters. done: 648 [Current cost: -2.8751796496471673, energy:0.01521009984441301]
Iters. done: 649 [Current cost: -2.867399939003313, energy:0.01531580108966256]
Iters. done: 650 [Current cost: -2.860090525408348, energy:0.015254002125951642]
Iters. done: 651 [Current cost: -2.8527297101489717, energy:0.015215474102187243]
Iters. done: 652 [Current cost: -2.8451768162744697, energy:0.015251858155834052]
Iters. done: 653 [Current cost: -2.837746299907842, energy:0.015247945042951214]
Iters. done: 654 [Current cost: -2.8302442585139422, energy:0.015274858306518212]
Iters. done: 655 [Current cost: -2.822690056357633, energy:0.01532556285329495]
Iters. done: 656 [Current cost: -2.8156227052935043, energy:0.015201850533661104]
Iters. done: 657 [Current cost: -2.808115946523408, energy:0.01524429759636057]
Iters. done: 658 [Current cost: -2.800879196794536, energy:0.015191943965295692]
Iters. done: 659 [Current cost: -2.7934219094756396, energy:0.015225440597907163]
Iters. done: 660 [Current cost: -2.7860552793301405, energy:0.015230166914165925]
Iters. done: 661 [Current cost: -2.7787555960000443, energy:0.01521481545239596]
Iters. done: 662 [Current cost: -2.7715028783591, energy:0.015186729083018167]
Iters. done: 663 [Current cost: -2.7638163111457925, energy:0.015323759493954356]
Iters. done: 664 [Current cost: -2.756926823313915, energy:0.01517056208743164]
Iters. done: 665 [Current cost: -2.7493048614824245, energy:0.015293222504485041]
Iters. done: 666 [Current cost: -2.742032037558534, energy:0.015291292202642833]
Iters. done: 667 [Current cost: -2.7350120003236085, energy:0.015200224155383288]
Iters. done: 668 [Current cost: -2.7269334715782847, energy:0.015506993278566536]
Iters. done: 669 [Current cost: -2.720226451617173, energy:0.015308973352797151]
Iters. done: 670 [Current cost: -2.713174150217723, energy:0.015243867262290618]
Iters. done: 671 [Current cost: -2.7059290534163516, energy:0.01525520579245939]
Iters. done: 672 [Current cost: -2.6985072033699535, energy:0.015337216251767975]
Iters. done: 673 [Current cost: -2.6914429741945827, energy:0.015290678186869648]
Iters. done: 674 [Current cost: -2.6844088037798244, energy:0.015237602314928907]
Iters. done: 675 [Current cost: -2.6772574574357466, energy:0.01523301463606649]
Iters. done: 676 [Current cost: -2.6702325962686175, energy:0.015185882656928664]
Iters. done: 677 [Current cost: -2.6630746112662127, energy:0.015193316338783854]
Iters. done: 678 [Current cost: -2.655489383120869, energy:0.015365723421457669]
Iters. done: 679 [Current cost: -2.6487416931971874, energy:0.015229021309110642]
Iters. done: 680 [Current cost: -2.641485593137992, energy:0.015287822406513493]
Iters. done: 681 [Current cost: -2.634459501904644, energy:0.01526511038885426]
Iters. done: 682 [Current cost: -2.6273645406002504, energy:0.015273111059817917]
Iters. done: 683 [Current cost: -2.6203066074226466, energy:0.015272034761054763]
Iters. done: 684 [Current cost: -2.6133411748823394, energy:0.015240950681424647]
Iters. done: 685 [Current cost: -2.606396244538936, energy:0.015206943205345104]
Iters. done: 686 [Current cost: -2.5992942212210166, energy:0.015237074341095534]
Iters. done: 687 [Current cost: -2.592238579517078, energy:0.015254617759293597]
Iters. done: 688 [Current cost: -2.585240627816824, energy:0.01525526207424765]
Iters. done: 689 [Current cost: -2.577949773909812, energy:0.015371750897222132]
Iters. done: 690 [Current cost: -2.5711525330914737, energy:0.015306236110301743]
Iters. done: 691 [Current cost: -2.564187828860503, energy:0.015309067844771165]
Iters. done: 692 [Current cost: -2.557325044779178, energy:0.015278119155086896]
Iters. done: 693 [Current cost: -2.550445776213606, energy:0.015258315591021558]
Iters. done: 694 [Current cost: -2.543445398400465, energy:0.015289513108276283]
Iters. done: 695 [Current cost: -2.5367335708672627, energy:0.015215794915323353]
Iters. done: 696 [Current cost: -2.52974700484318, energy:0.015251663997812123]
Iters. done: 697 [Current cost: -2.523047214262642, energy:0.01518310349298133]
Iters. done: 698 [Current cost: -2.5158150095058276, energy:0.015322828469131213]
Iters. done: 699 [Current cost: -2.509313816096264, energy:0.015188201376569784]
Iters. done: 700 [Current cost: -2.502247743330061, energy:0.015274584751928368]
Iters. done: 701 [Current cost: -2.495365747867633, energy:0.015295591992900356]
Iters. done: 702 [Current cost: -2.488608461124046, energy:0.015273800912481303]
Iters. done: 703 [Current cost: -2.4820473937362957, energy:0.01518161940065481]
Iters. done: 704 [Current cost: -2.4751011309278903, energy:0.01524236597450814]
Iters. done: 705 [Current cost: -2.468318867293334, energy:0.015245151925642285]
Iters. done: 706 [Current cost: -2.461529323995633, energy:0.015255786786397137]
Iters. done: 707 [Current cost: -2.454845231578255, energy:0.01523081906387181]
Iters. done: 708 [Current cost: -2.447953533923553, energy:0.015291006695578889]
Iters. done: 709 [Current cost: -2.4411933049747883, energy:0.015305569397882201]
Iters. done: 710 [Current cost: -2.4347019613622614, energy:0.015221194433206464]
Iters. done: 711 [Current cost: -2.4279564685102675, energy:0.015240152840308014]
Iters. done: 712 [Current cost: -2.421253505837052, energy:0.015247743087022323]
Iters. done: 713 [Current cost: -2.4144841343218015, energy:0.015286216011914221]
Iters. done: 714 [Current cost: -2.4079475470812213, energy:0.015239411966055369]
Iters. done: 715 [Current cost: -2.401360433812268, energy:0.015217264378655929]
Iters. done: 716 [Current cost: -2.394600050278494, energy:0.01526765277525462]
Iters. done: 717 [Current cost: -2.388264148654064, energy:0.015157786599818746]
Iters. done: 718 [Current cost: -2.3813722186180755, energy:0.015269801668762914]
Iters. done: 719 [Current cost: -2.374697911745837, energy:0.015302170030223439]
Iters. done: 720 [Current cost: -2.3682724710358847, energy:0.015242401824773471]
Iters. done: 721 [Current cost: -2.361690652481351, energy:0.015248878980893405]
Iters. done: 722 [Current cost: -2.355227071716123, energy:0.015214169192312457]
Iters. done: 723 [Current cost: -2.3484399518097576, energy:0.015311513177130214]
Iters. done: 724 [Current cost: -2.342048843736173, energy:0.015258643091924798]
Iters. done: 725 [Current cost: -2.335736063966451, energy:0.01518001577211933]
Iters. done: 726 [Current cost: -2.328989285896942, energy:0.015277285630428676]
Iters. done: 727 [Current cost: -2.3225906066732813, energy:0.015242725252363067]
Iters. done: 728 [Current cost: -2.31611182702015, energy:0.015244888458698931]
Iters. done: 729 [Current cost: -2.309183598596587, energy:0.015429861078978832]
Iters. done: 730 [Current cost: -2.3031286375778586, energy:0.015274968120189357]
Iters. done: 731 [Current cost: -2.2967676540076294, energy:0.015246138777669142]
Iters. done: 732 [Current cost: -2.2902861796520524, energy:0.015270231517669161]
Iters. done: 733 [Current cost: -2.2840836828947464, energy:0.015188850715487263]
Iters. done: 734 [Current cost: -2.2775607632394403, energy:0.015239850752206357]
Iters. done: 735 [Current cost: -2.2707492949110697, energy:0.015411029713898683]
Iters. done: 736 [Current cost: -2.2647516287901497, energy:0.01526362175969152]
Iters. done: 737 [Current cost: -2.2582974497631048, energy:0.015303200295093472]
Iters. done: 738 [Current cost: -2.252004371064711, energy:0.015283786217544424]
Iters. done: 739 [Current cost: -2.245720765717911, energy:0.01526579144189001]
Iters. done: 740 [Current cost: -2.2393564050187305, energy:0.015285337581314814]
Iters. done: 741 [Current cost: -2.2330917082494133, energy:0.015270252204423244]
Iters. done: 742 [Current cost: -2.226917842862713, energy:0.015223954790330445]
Iters. done: 743 [Current cost: -2.2205507474916764, energy:0.015260446206622624]
Iters. done: 744 [Current cost: -2.2142260912986393, energy:0.015285237379544235]
Iters. done: 745 [Current cost: -2.208058663549714, energy:0.015252056629654953]
Iters. done: 746 [Current cost: -2.2017598625901833, energy:0.015277056390048307]
Iters. done: 747 [Current cost: -2.195577971327573, energy:0.015260217592041159]
Iters. done: 748 [Current cost: -2.189375132983892, energy:0.015257105969388255]
Iters. done: 749 [Current cost: -2.1831765435708483, energy:0.015257574138009197]
Iters. done: 750 [Current cost: -2.1768185870131034, energy:0.015327932245306123]
Iters. done: 751 [Current cost: -2.170793376564174, energy:0.015268784303275561]
Iters. done: 752 [Current cost: -2.1646820979464114, energy:0.015249774652220448]
Iters. done: 753 [Current cost: -2.158568726279654, energy:0.015236896399536562]
Iters. done: 754 [Current cost: -2.1523226021713384, energy:0.015283377810371685]
Iters. done: 755 [Current cost: -2.1461743843587877, energy:0.01529539424529582]
Iters. done: 756 [Current cost: -2.140081645405263, energy:0.01529013382977953]
Iters. done: 757 [Current cost: -2.1340679518685444, energy:0.015257896063035905]
Iters. done: 758 [Current cost: -2.1279828309719253, energy:0.01526016325612241]
Iters. done: 759 [Current cost: -2.1219466686757067, energy:0.01524772960502954]
Iters. done: 760 [Current cost: -2.1158512386066164, energy:0.015264945328904662]
Iters. done: 761 [Current cost: -2.109784898133943, energy:0.01527562011455646]
Iters. done: 762 [Current cost: -2.1037798961075596, energy:0.015266459404259488]
Iters. done: 763 [Current cost: -2.0977476374398942, energy:0.01527387864651188]
Iters. done: 764 [Current cost: -2.0917900219931584, energy:0.01525591046870647]
Iters. done: 765 [Current cost: -2.0857910890244824, energy:0.015260344475824462]
Iters. done: 766 [Current cost: -2.0797580346410367, energy:0.015284290097202759]
Iters. done: 767 [Current cost: -2.0738285812548773, energy:0.01527079379369054]
Iters. done: 768 [Current cost: -2.067820561201588, energy:0.015295236218962161]
Iters. done: 769 [Current cost: -2.061988684525379, energy:0.015252017243353278]
Iters. done: 770 [Current cost: -2.056077196762218, energy:0.015247187090242947]
Iters. done: 771 [Current cost: -2.0501847086192173, energy:0.015239847102088405]
Iters. done: 772 [Current cost: -2.0442114436742336, energy:0.015271571978277571]
Iters. done: 773 [Current cost: -2.038320108383387, energy:0.015274607048691678]
Iters. done: 774 [Current cost: -2.032451970746137, energy:0.015273379811789348]
Iters. done: 775 [Current cost: -2.0266096996681733, energy:0.015266753192874752]
Iters. done: 776 [Current cost: -2.0207976569324777, energy:0.015252874600711243]
Iters. done: 777 [Current cost: -2.014928401487172, energy:0.015268402640826724]
Iters. done: 778 [Current cost: -2.0091412661255745, energy:0.015254908570878427]
Iters. done: 779 [Current cost: -2.003303366250747, energy:0.015268182106685594]
Iters. done: 780 [Current cost: -1.9974777332507692, energy:0.015281772709046288]
Iters. done: 781 [Current cost: -1.9917737376313964, energy:0.01524953498146575]
Iters. done: 782 [Current cost: -1.985969246147663, energy:0.015265122889634252]
Iters. done: 783 [Current cost: -1.9802374482765648, energy:0.015255461423216854]
Iters. done: 784 [Current cost: -1.9745177214559806, energy:0.015246124596427404]
Iters. done: 785 [Current cost: -1.9688179014978584, energy:0.01523378599029091]
Iters. done: 786 [Current cost: -1.9630655219692084, energy:0.015249212634406768]
Iters. done: 787 [Current cost: -1.957338187465728, energy:0.01525950449524606]
Iters. done: 788 [Current cost: -1.9516086112685869, energy:0.015276260022140107]
Iters. done: 789 [Current cost: -1.9459390227698765, energy:0.01527295637106879]
Iters. done: 790 [Current cost: -1.940312456519827, energy:0.01525675284564167]
Iters. done: 791 [Current cost: -1.9346044029421823, energy:0.015280853217200461]
Iters. done: 792 [Current cost: -1.929056651965386, energy:0.015241846209488019]
Iters. done: 793 [Current cost: -1.9233211345391936, energy:0.015288775356724278]
Iters. done: 794 [Current cost: -1.9176816992715229, energy:0.015300063594275702]
Iters. done: 795 [Current cost: -1.9121628307371001, energy:0.015265021006578137]
Iters. done: 796 [Current cost: -1.9065560120669887, energy:0.015273277704663654]
Iters. done: 797 [Current cost: -1.9009789904338652, energy:0.0152742150366409]
Iters. done: 798 [Current cost: -1.8953844039699754, energy:0.015288259495714695]
Iters. done: 799 [Current cost: -1.8898957525140956, energy:0.015262029389369786]
Iters. done: 800 [Current cost: -1.8844127875358485, energy:0.015238783087378995]
Iters. done: 801 [Current cost: -1.8788342262234876, energy:0.015262474049291987]
Iters. done: 802 [Current cost: -1.873289023070536, energy:0.015277267695244673]
Iters. done: 803 [Current cost: -1.8678052402348415, energy:0.015270908861515371]
Iters. done: 804 [Current cost: -1.862319863421692, energy:0.015270761699642798]
Iters. done: 805 [Current cost: -1.8568474837831344, energy:0.015270480504085504]
Iters. done: 806 [Current cost: -1.8514158169675172, energy:0.015257946494328519]
Iters. done: 807 [Current cost: -1.8459515466254917, energy:0.015265191139293003]
Iters. done: 808 [Current cost: -1.8405235397903903, energy:0.015262109441997043]
Iters. done: 809 [Current cost: -1.8350673171620306, energy:0.015276956046706099]
Iters. done: 810 [Current cost: -1.8297340865860805, energy:0.015243329991722482]
Iters. done: 811 [Current cost: -1.8242410602561783, energy:0.015285515923936007]
Iters. done: 812 [Current cost: -1.8188916259316785, energy:0.015270072986667261]
Iters. done: 813 [Current cost: -1.8135213459659918, energy:0.015269352646321517]
Iters. done: 814 [Current cost: -1.8081669859188527, energy:0.015267155833125734]
Iters. done: 815 [Current cost: -1.8028200903707787, energy:0.015267215450062994]
Iters. done: 816 [Current cost: -1.7975060893971364, energy:0.015258256403676137]
Iters. done: 817 [Current cost: -1.7921516873535646, energy:0.015272792372193101]
Iters. done: 818 [Current cost: -1.7868689923319314, energy:0.015261047621392791]
Iters. done: 819 [Current cost: -1.7815627940708494, energy:0.015265320010380508]
Iters. done: 820 [Current cost: -1.7763119129497258, energy:0.015250504112237044]
Iters. done: 821 [Current cost: -1.7709676911272856, energy:0.015282943989002148]
Iters. done: 822 [Current cost: -1.7657648515882438, energy:0.015257789762731924]
Iters. done: 823 [Current cost: -1.7605033963320897, energy:0.015264425941723106]
Iters. done: 824 [Current cost: -1.755272264207196, energy:0.015263062705315978]
Iters. done: 825 [Current cost: -1.7500756797265076, energy:0.015251758099287164]
Iters. done: 826 [Current cost: -1.7448144914935337, energy:0.015275110484186139]
Iters. done: 827 [Current cost: -1.739648151105547, energy:0.015261358515777949]
Iters. done: 828 [Current cost: -1.7344620545553424, energy:0.015262092609097345]
Iters. done: 829 [Current cost: -1.7293307330780432, energy:0.015243655582068165]
Iters. done: 830 [Current cost: -1.7241333963911931, energy:0.015260682100347207]
Iters. done: 831 [Current cost: -1.7190317513626652, energy:0.015239948439861952]
Iters. done: 832 [Current cost: -1.713844485577548, energy:0.015263679338195772]
Iters. done: 833 [Current cost: -1.7087597199167266, energy:0.015246441674659118]
Iters. done: 834 [Current cost: -1.703597675460791, energy:0.015270002261840667]
Iters. done: 835 [Current cost: -1.6984973494235434, energy:0.0152710752265391]
Iters. done: 836 [Current cost: -1.693443272018068, energy:0.015256623546459019]
Iters. done: 837 [Current cost: -1.688343415555607, energy:0.015268722558524796]
Iters. done: 838 [Current cost: -1.6832992608027386, energy:0.015260932798786025]
Iters. done: 839 [Current cost: -1.6782610787436698, energy:0.015256004741253418]
Iters. done: 840 [Current cost: -1.6732049469078532, energy:0.015264955181899412]
Iters. done: 841 [Current cost: -1.668226289098028, energy:0.015243856607708507]
Iters. done: 842 [Current cost: -1.6631524636705899, energy:0.015272266648086653]
Iters. done: 843 [Current cost: -1.6581200998856822, energy:0.015287233924258087]
Iters. done: 844 [Current cost: -1.653193582450638, energy:0.015258865671367847]
Iters. done: 845 [Current cost: -1.6482383745143145, energy:0.015249360843389455]
Iters. done: 846 [Current cost: -1.6432400425838896, energy:0.01526550888909142]
Iters. done: 847 [Current cost: -1.638305255574456, energy:0.015257783604819011]
Iters. done: 848 [Current cost: -1.6333610549590136, energy:0.01526007172096922]
Iters. done: 849 [Current cost: -1.6284198519347846, energy:0.015266619896054014]
Iters. done: 850 [Current cost: -1.6235492404179355, energy:0.015245831939736741]
Iters. done: 851 [Current cost: -1.6185624535224312, energy:0.015285049468166039]
Iters. done: 852 [Current cost: -1.6137038768445384, energy:0.015269901059818262]
Iters. done: 853 [Current cost: -1.6088250924584249, energy:0.015269859916354538]
Iters. done: 854 [Current cost: -1.6039847036983579, energy:0.015257408546313767]
Iters. done: 855 [Current cost: -1.5991275629358461, energy:0.015258478388129229]
Iters. done: 856 [Current cost: -1.5942499338585727, energy:0.015274892745860169]
Iters. done: 857 [Current cost: -1.589439676684185, energy:0.01526516196170276]
Iters. done: 858 [Current cost: -1.5846217429349245, energy:0.015264705922037628]
Iters. done: 859 [Current cost: -1.5797690464119385, energy:0.015286416783195879]
Iters. done: 860 [Current cost: -1.574997075759169, energy:0.015275500488539862]
Iters. done: 861 [Current cost: -1.5702300556718773, energy:0.015267866358420002]
Iters. done: 862 [Current cost: -1.5654597662521184, energy:0.015267443042682745]
Iters. done: 863 [Current cost: -1.560705365233459, energy:0.0152651071417508]
Iters. done: 864 [Current cost: -1.555956052874668, energy:0.015266008950936218]
Iters. done: 865 [Current cost: -1.551219868144413, energy:0.015266303946002254]
Iters. done: 866 [Current cost: -1.5464972101911345, energy:0.015265789683980699]
Iters. done: 867 [Current cost: -1.5417865822011672, energy:0.015265174073898418]
Iters. done: 868 [Current cost: -1.5371032332127144, energy:0.015257103528676872]
Iters. done: 869 [Current cost: -1.5324113734983318, energy:0.01525880085887586]
Iters. done: 870 [Current cost: -1.5277292081821703, energy:0.015261508763663128]
Iters. done: 871 [Current cost: -1.5230604774230894, energy:0.015263413691071068]
Iters. done: 872 [Current cost: -1.5183884064837438, energy:0.015272638191949293]
Iters. done: 873 [Current cost: -1.5137659713711396, energy:0.015263478004640925]
Iters. done: 874 [Current cost: -1.509137421481371, energy:0.0152629585559468]
Iters. done: 875 [Current cost: -1.5045111757047263, energy:0.015267012242582681]
Iters. done: 876 [Current cost: -1.4999091388455794, energy:0.01526495966631936]
Iters. done: 877 [Current cost: -1.4953137360074464, energy:0.015265356557075931]
Iters. done: 878 [Current cost: -1.4907464222094384, energy:0.015257696568281496]
Iters. done: 879 [Current cost: -1.4861622971308042, energy:0.01526396385778708]
Iters. done: 880 [Current cost: -1.4815781524320586, energy:0.015275967485821955]
Iters. done: 881 [Current cost: -1.4770465879554673, energy:0.015267827611739926]
Iters. done: 882 [Current cost: -1.4725056035397401, energy:0.01527001420311082]
Iters. done: 883 [Current cost: -1.46800170378308, energy:0.01525959383666551]
Iters. done: 884 [Current cost: -1.463452044439977, energy:0.015277497250981419]
Iters. done: 885 [Current cost: -1.4589844193537203, energy:0.01526050067224581]
Iters. done: 886 [Current cost: -1.4544989615908503, energy:0.015258015535353118]
Iters. done: 887 [Current cost: -1.4500014285689282, energy:0.015267244047321046]
Iters. done: 888 [Current cost: -1.4455363540375887, energy:0.0152660432217366]
Iters. done: 889 [Current cost: -1.4410836413273485, energy:0.015264383419226514]
Iters. done: 890 [Current cost: -1.436640856569473, energy:0.01526347075889791]
Iters. done: 891 [Current cost: -1.4321993860656528, energy:0.015267615893074172]
Iters. done: 892 [Current cost: -1.4277896486464932, energy:0.01526156987591659]
Iters. done: 893 [Current cost: -1.4233556759057568, energy:0.015273409089599371]
Iters. done: 894 [Current cost: -1.4189707059649417, energy:0.015266332767509622]
Iters. done: 895 [Current cost: -1.4145874841769763, energy:0.015264073695765672]
Iters. done: 896 [Current cost: -1.410207210079952, energy:0.015266042064512137]
Iters. done: 897 [Current cost: -1.4058368725009631, energy:0.015268712746778294]
Iters. done: 898 [Current cost: -1.401477142164124, energy:0.015271740242779917]
Iters. done: 899 [Current cost: -1.3971512919501001, energy:0.0152632922871578]
Iters. done: 900 [Current cost: -1.392830100653353, energy:0.01525817254072416]
Iters. done: 901 [Current cost: -1.3885021758013076, energy:0.015262198638495745]
Iters. done: 902 [Current cost: -1.3841924326301678, energy:0.015262683183801007]
Iters. done: 903 [Current cost: -1.3798853925002381, energy:0.015267518852041808]
Iters. done: 904 [Current cost: -1.3756023455785644, energy:0.0152658054724422]
Iters. done: 905 [Current cost: -1.3713255621783076, energy:0.015266603859002876]
Iters. done: 906 [Current cost: -1.3670701945479788, energy:0.015262122676874166]
Iters. done: 907 [Current cost: -1.3628164140157872, energy:0.01526254388978956]
Iters. done: 908 [Current cost: -1.358570064402319, energy:0.015264867223129122]
Iters. done: 909 [Current cost: -1.3543454891079914, energy:0.015261674280979258]
Iters. done: 910 [Current cost: -1.3501120842022865, energy:0.015268784476383903]
Iters. done: 911 [Current cost: -1.3459172613106487, energy:0.015261631407972879]
Iters. done: 912 [Current cost: -1.3417174882226366, energy:0.015262767851756205]
Iters. done: 913 [Current cost: -1.3375273374628542, energy:0.015264636885908098]
Iters. done: 914 [Current cost: -1.333341358042307, energy:0.015270078115231817]
Iters. done: 915 [Current cost: -1.3291908634936143, energy:0.015262727264007606]
Iters. done: 916 [Current cost: -1.3250182421556953, energy:0.015272685303465374]
Iters. done: 917 [Current cost: -1.3208949729211872, energy:0.015262523878888172]
Iters. done: 918 [Current cost: -1.3167639107572628, energy:0.015262168514791478]
Iters. done: 919 [Current cost: -1.3126370996971612, energy:0.015265319227310607]
Iters. done: 920 [Current cost: -1.308520733179314, energy:0.01526871722408348]
Iters. done: 921 [Current cost: -1.3044255890522418, energy:0.015266656036861252]
Iters. done: 922 [Current cost: -1.3003353190206903, energy:0.015267754522269493]
Iters. done: 923 [Current cost: -1.2962690051416905, energy:0.015261894866317549]
Iters. done: 924 [Current cost: -1.2921959772735658, energy:0.015265332936776042]
Iters. done: 925 [Current cost: -1.2881480827475742, energy:0.015261148950372424]
Iters. done: 926 [Current cost: -1.2840940357468282, energy:0.015265983763776648]
Iters. done: 927 [Current cost: -1.2800678576864988, energy:0.015261691048253794]
Iters. done: 928 [Current cost: -1.276037572998233, energy:0.0152653344981896]
Iters. done: 929 [Current cost: -1.2720268083195518, energy:0.015264271469018554]
Iters. done: 930 [Current cost: -1.2680174753724693, energy:0.015268188884305684]
Iters. done: 931 [Current cost: -1.264039904485015, energy:0.015260769980025889]
Iters. done: 932 [Current cost: -1.2600567307466848, energy:0.0152621015999046]
Iters. done: 933 [Current cost: -1.2560757647614387, energy:0.015268000529457327]
Iters. done: 934 [Current cost: -1.2521209821833426, energy:0.015265497389243548]
Iters. done: 935 [Current cost: -1.248180408581331, energy:0.015261031916139861]
Iters. done: 936 [Current cost: -1.2442350219254363, energy:0.015264923475055866]
Iters. done: 937 [Current cost: -1.2403250581547847, energy:0.015255294766869466]
Iters. done: 938 [Current cost: -1.2363953779050771, energy:0.015262146729504714]
Iters. done: 939 [Current cost: -1.2324801860738277, energy:0.015266862645077345]
Iters. done: 940 [Current cost: -1.228582229957913, energy:0.015267915109707833]
Iters. done: 941 [Current cost: -1.2246951507526387, energy:0.015268762380565773]
Iters. done: 942 [Current cost: -1.2208287503106419, energy:0.015264003571735981]
Iters. done: 943 [Current cost: -1.2169758195131308, energy:0.015257567481421454]
Iters. done: 944 [Current cost: -1.2131079930700657, energy:0.0152650889703111]
Iters. done: 945 [Current cost: -1.2092658555099296, energy:0.01526419570556649]
Iters. done: 946 [Current cost: -1.2054366156074012, energy:0.01526191540616804]
Iters. done: 947 [Current cost: -1.2016029440020977, energy:0.015267848597810508]
Iters. done: 948 [Current cost: -1.197795006817501, energy:0.01526525523446057]
Iters. done: 949 [Current cost: -1.1939923974888442, energy:0.015265446227045279]
Iters. done: 950 [Current cost: -1.190201308554616, energy:0.015264969752906365]
Iters. done: 951 [Current cost: -1.1864294501161305, energy:0.015259498591158424]
Iters. done: 952 [Current cost: -1.182650217108427, energy:0.015263903236886391]
Iters. done: 953 [Current cost: -1.1788945746260442, energy:0.015260842975039279]
Iters. done: 954 [Current cost: -1.1751357850448962, energy:0.015265306026537575]
Iters. done: 955 [Current cost: -1.1713908954486687, energy:0.01526771612657357]
Iters. done: 956 [Current cost: -1.1676644900846052, energy:0.015265461362387914]
Iters. done: 957 [Current cost: -1.1639386678344048, energy:0.0152686333427715]
Iters. done: 958 [Current cost: -1.1602362186477715, energy:0.015264331581337526]
Iters. done: 959 [Current cost: -1.1565379505343858, energy:0.015263403887900344]
Iters. done: 960 [Current cost: -1.1528472821467497, energy:0.015263913163381323]
Iters. done: 961 [Current cost: -1.149158571810147, energy:0.01526907417251726]
Iters. done: 962 [Current cost: -1.1454956518965953, energy:0.015265285256253631]
Iters. done: 963 [Current cost: -1.1418366481676554, energy:0.015265006219445917]
Iters. done: 964 [Current cost: -1.1381875816661988, energy:0.015264792667718262]
Iters. done: 965 [Current cost: -1.134539904495785, energy:0.015269546892737474]
Iters. done: 966 [Current cost: -1.1309222796940794, energy:0.0152627800888595]
Iters. done: 967 [Current cost: -1.1273014839758086, energy:0.015263583822143264]
Iters. done: 968 [Current cost: -1.123690117394052, energy:0.01526470673117704]
Iters. done: 969 [Current cost: -1.120089316447184, energy:0.015265481075714958]
Iters. done: 970 [Current cost: -1.1165033175740553, energy:0.015263434476136498]
Iters. done: 971 [Current cost: -1.1129229118356394, energy:0.01526389477330066]
Iters. done: 972 [Current cost: -1.1093507818363169, energy:0.015265302260883082]
Iters. done: 973 [Current cost: -1.1057923367165516, energy:0.015264492798070699]
Iters. done: 974 [Current cost: -1.1022457090933782, energy:0.01526253433141916]
Iters. done: 975 [Current cost: -1.0987083294765791, energy:0.015260914907658414]
Iters. done: 976 [Current cost: -1.0951729317083734, energy:0.015263893212739637]
Iters. done: 977 [Current cost: -1.091648493094096, energy:0.015266201585809375]
Iters. done: 978 [Current cost: -1.0881422887963696, energy:0.015263534040625453]
Iters. done: 979 [Current cost: -1.084637747940457, energy:0.015265641284662105]
Iters. done: 980 [Current cost: -1.0811452870272156, energy:0.015266372824046418]
Iters. done: 981 [Current cost: -1.077663889356812, energy:0.015266312010826184]
Iters. done: 982 [Current cost: -1.074193535040768, energy:0.015265454307249422]
Iters. done: 983 [Current cost: -1.070733027685912, energy:0.015264495962172053]
Iters. done: 984 [Current cost: -1.0672829176429577, energy:0.015263096244719995]
Iters. done: 985 [Current cost: -1.0638384329909818, energy:0.015264094807103439]
Iters. done: 986 [Current cost: -1.0604049562019633, energy:0.015264268854723474]
Iters. done: 987 [Current cost: -1.0569813308499145, energy:0.015264296102001114]
Iters. done: 988 [Current cost: -1.0535673600968005, energy:0.015264282360431652]
Iters. done: 989 [Current cost: -1.0501637350081825, energy:0.015263798955819854]
Iters. done: 990 [Current cost: -1.0467668189880066, energy:0.01526502830541669]
Iters. done: 991 [Current cost: -1.043384652174855, energy:0.01526310169741802]
Iters. done: 992 [Current cost: -1.04001210313239, energy:0.01526110082975507]
Iters. done: 993 [Current cost: -1.0366400465444898, energy:0.015264560174344948]
Iters. done: 994 [Current cost: -1.0332826494108514, energy:0.01526487235526124]
Iters. done: 995 [Current cost: -1.0299350727111978, energy:0.015264959564495568]
Iters. done: 996 [Current cost: -1.0265984830266397, energy:0.015264095036163376]
Iters. done: 997 [Current cost: -1.0232690883562465, energy:0.015264584819932848]
Iters. done: 998 [Current cost: -1.0199488029256976, energy:0.015265249771932183]
Iters. done: 999 [Current cost: -1.0166421673543302, energy:0.015263284919711387]
Iters. done: 1000 [Current cost: -1.0133388650585746, energy:0.015265023323700992]
 message: Maximum number of function evaluations has been exceeded.
 success: False
  status: 2
     fun: -6.013612054773086
       x: [ 5.618e+00  3.378e+00 ...  7.398e+00  7.450e+00]
    nfev: 1000
   maxcv: 0.0
Done
