couldn't read file "/usr/local/Modules/libexec/modulecmd.tcl": no such file or directory
/var/spool/slurmd/job69321183/slurm_script: line 20: nvidia-smi: command not found
Iters. done: 1 [Current cost: -0.0019916723543085247, energy:-0.0019916723543085247]
Iters. done: 2 [Current cost: -0.005673438913288192, energy:-0.005673438913288192]
 message: Maximum number of function evaluations has been exceeded.
 success: False
  status: 2
     fun: -0.005673438913288192
       x: [ 7.094e+00  3.273e+00 ...  4.907e+00  3.418e+00]
    nfev: 2
   maxcv: 0.0
Iters. done: 1 [Current cost: 0.1338582814084933, energy:0.1338582814084933]
Iters. done: 2 [Current cost: 0.1306543844593818, energy:0.1306543844593818]
 message: Maximum number of function evaluations has been exceeded.
 success: False
  status: 2
     fun: 0.1306543844593818
       x: [ 4.066e+00  4.244e+00 ...  5.253e+00  3.842e+00]
    nfev: 2
   maxcv: 0.0
Done
