couldn't read file "/usr/local/Modules/libexec/modulecmd.tcl": no such file or directory
/var/spool/slurmd/job69321186/slurm_script: line 20: nvidia-smi: command not found
Iters. done: 1 [Current cost: 0.013962632810143132, energy:0.013962632810143132]
Iters. done: 2 [Current cost: 0.0001558371060602502, energy:0.0001558371060602502]
 message: Maximum number of function evaluations has been exceeded.
 success: False
  status: 2
     fun: 0.0001558371060602502
       x: [ 4.469e+00  1.546e+00 ...  1.713e+00  2.796e-01]
    nfev: 2
   maxcv: 0.0
Iters. done: 1 [Current cost: 0.12413334700321565, energy:0.12413334700321565]
Iters. done: 2 [Current cost: 0.12524993713263677, energy:0.12524993713263677]
 message: Maximum number of function evaluations has been exceeded.
 success: False
  status: 2
     fun: 0.12413334700321565
       x: [ 5.279e+00  9.967e-01 ...  4.479e+00  1.133e+00]
    nfev: 2
   maxcv: 0.0
Iters. done: 1 [Current cost: -0.6035249811680913, energy:0.08581167912431485]
Iters. done: 2 [Current cost: -0.7688086726777967, energy:0.10056776867462586]
Iters. done: 3 [Current cost: -0.9124613766436738, energy:0.10527354725187776]
Iters. done: 4 [Current cost: -1.0417427415670972, energy:0.11090195870551758]
Iters. done: 5 [Current cost: -1.1605097601929564, energy:0.1117479589720381]
Iters. done: 6 [Current cost: -1.2711167281729483, energy:0.10684528832504]
Iters. done: 7 [Current cost: -1.3751472513157619, energy:0.09474602993287334]
Iters. done: 8 [Current cost: -1.4735124463825178, energy:0.10145048178690412]
Iters. done: 9 [Current cost: -1.5671219057279813, energy:0.10780095997926792]
Iters. done: 10 [Current cost: -1.6566057218354495, energy:0.1127097713009193]
Iters. done: 11 [Current cost: -1.7425806886361892, energy:0.10733916953396888]
Iters. done: 12 [Current cost: -1.8252705416954371, energy:0.10590128065637804]
Iters. done: 13 [Current cost: -1.9052235803321154, energy:0.0947415586945452]
Iters. done: 14 [Current cost: -1.9822987850684912, energy:0.09668721764806404]
Iters. done: 15 [Current cost: -2.0567976157763286, energy:0.10438883156648529]
Iters. done: 16 [Current cost: -2.129248831624481, energy:0.10317513052056294]
Iters. done: 17 [Current cost: -2.1997399109690927, energy:0.09820553244418505]
Iters. done: 18 [Current cost: -2.2679936326055756, energy:0.10373874538178476]
Iters. done: 19 [Current cost: -2.3346824738550387, energy:0.10142321293569256]
Iters. done: 20 [Current cost: -2.3995836453082773, energy:0.10194041050376382]
Iters. done: 21 [Current cost: -2.4634745673609144, energy:0.08816793985322269]
Iters. done: 22 [Current cost: -2.5248862545725688, energy:0.09830627550782778]
Iters. done: 23 [Current cost: -2.585476741526915, energy:0.09437608685548733]
Iters. done: 24 [Current cost: -2.6450156196447465, energy:0.08508302335075271]
Iters. done: 25 [Current cost: -2.702780139136539, energy:0.08581167912431535]
Iters. done: 26 [Current cost: -2.7592390888500486, energy:0.0877374739448734]
Iters. done: 27 [Current cost: -2.814347987557417, energy:0.09220609814883182]
Iters. done: 28 [Current cost: -2.8687111933222433, energy:0.090445461725114]
Iters. done: 29 [Current cost: -2.921921704876348, energy:0.08990420331869459]
Iters. done: 30 [Current cost: -2.973111313297276, energy:0.10251902024266324]
Iters. done: 31 [Current cost: -3.0241288942175157, energy:0.1033495204019022]
Iters. done: 32 [Current cost: -3.075184696051854, energy:0.09211747906655562]
Iters. done: 33 [Current cost: -3.1244505521065644, energy:0.09177530177227262]
Iters. done: 34 [Current cost: -3.1727462070674846, energy:0.09225138838333968]
Iters. done: 35 [Current cost: -3.220385673402356, energy:0.0905006729329084]
Iters. done: 36 [Current cost: -3.2651872046551746, energy:0.10849683897196304]
Iters. done: 37 [Current cost: -3.311195199116214, energy:0.10595839402015485]
Iters. done: 38 [Current cost: -3.3546789513531365, energy:0.11911745225741545]
Iters. done: 39 [Current cost: -3.399214869384811, energy:0.11559421528964414]
Iters. done: 40 [Current cost: -3.443239505607777, energy:0.11042185372256863]
Iters. done: 41 [Current cost: -3.486240769665936, energy:0.10799650698698518]
Iters. done: 42 [Current cost: -3.5279686555123995, energy:0.11004337554475553]
Iters. done: 43 [Current cost: -3.5691561116427803, energy:0.1108557581253914]
Iters. done: 44 [Current cost: -3.606879675043162, energy:0.13109749746748825]
Iters. done: 45 [Current cost: -3.6465431271770954, energy:0.13240612318148764]
Iters. done: 46 [Current cost: -3.6868990583083816, energy:0.12499454182625383]
Iters. done: 47 [Current cost: -3.7266803144509626, energy:0.11777515556767988]
Iters. done: 48 [Current cost: -3.765530902859789, energy:0.1129793034889493]
Iters. done: 49 [Current cost: -3.802846957285797, energy:0.11398979351701734]
Iters. done: 50 [Current cost: -3.840235109106564, energy:0.11123057762680184]
Iters. done: 51 [Current cost: -3.8762861478676185, energy:0.11284652509453254]
Iters. done: 52 [Current cost: -3.9147620541757586, energy:0.09852935497968587]
Iters. done: 53 [Current cost: -3.9494552263582006, energy:0.10174715585014234]
Iters. done: 54 [Current cost: -3.985351725752525, energy:0.09609070057855983]
Iters. done: 55 [Current cost: -4.019855483689454, energy:0.0949790776256333]
Iters. done: 56 [Current cost: -4.052036262776046, energy:0.10244596661989845]
Iters. done: 57 [Current cost: -4.083823742308463, energy:0.10897239633819363]
Iters. done: 58 [Current cost: -4.1154910982066495, energy:0.11346616938282764]
Iters. done: 59 [Current cost: -4.147640564842182, energy:0.11354074209333549]
Iters. done: 60 [Current cost: -4.182755206083535, energy:0.09916548763662555]
Iters. done: 61 [Current cost: -4.213514976062089, energy:0.10143051444592868]
Iters. done: 62 [Current cost: -4.2454207916428865, energy:0.0971812898808226]
Iters. done: 63 [Current cost: -4.27601331873272, energy:0.09649249438735447]
Iters. done: 64 [Current cost: -4.30581982450097, energy:0.09713246691738676]
Iters. done: 65 [Current cost: -4.336728958497712, energy:0.092058162592455]
Iters. done: 66 [Current cost: -4.362797054814996, energy:0.10311463591856561]
Iters. done: 67 [Current cost: -4.391576076330019, energy:0.10263272132426851]
Iters. done: 68 [Current cost: -4.423027582059098, energy:0.09157812404740813]
Iters. done: 69 [Current cost: -4.449291902662521, energy:0.09704858405550287]
Iters. done: 70 [Current cost: -4.4744971651651335, energy:0.10441027838316455]
Iters. done: 71 [Current cost: -4.502462028631807, energy:0.10134746150781548]
Iters. done: 72 [Current cost: -4.530704781595482, energy:0.0963260806747189]
Iters. done: 73 [Current cost: -4.556546534289289, energy:0.09769255458336154]
Iters. done: 74 [Current cost: -4.584732862060147, energy:0.09084033582248532]
Iters. done: 75 [Current cost: -4.6087400262993805, energy:0.09543901591668735]
Iters. done: 76 [Current cost: -4.632454084277307, energy:0.09962699246718792]
Iters. done: 77 [Current cost: -4.65763665419811, energy:0.09849526559667929]
Iters. done: 78 [Current cost: -4.680808583038542, energy:0.10195750355259685]
Iters. done: 79 [Current cost: -4.704092367942886, energy:0.10402609932158521]
Iters. done: 80 [Current cost: -4.736126647576498, energy:0.0819322917200777]
Iters. done: 81 [Current cost: -4.760876017927214, energy:0.07870684011449337]
Iters. done: 82 [Current cost: -4.787972737735939, energy:0.0687441527989671]
Iters. done: 83 [Current cost: -4.811438087864412, energy:0.06741912400801979]
Iters. done: 84 [Current cost: -4.8276786701387495, energy:0.08309265576586808]
Iters. done: 85 [Current cost: -4.850298618969107, energy:0.08201710392128228]
Iters. done: 86 [Current cost: -4.873207777416915, energy:0.07953639332020672]
Iters. done: 87 [Current cost: -4.895257851705892, energy:0.07840436033754188]
Iters. done: 88 [Current cost: -4.911514119913693, energy:0.08981753521890826]
Iters. done: 89 [Current cost: -4.932358902487901, energy:0.0898539021173324]
Iters. done: 90 [Current cost: -4.950792110717726, energy:0.09452244080188232]
Iters. done: 91 [Current cost: -4.971079991342749, energy:0.09436857599454407]
Iters. done: 92 [Current cost: -4.988141138926784, energy:0.10044141886505452]
Iters. done: 93 [Current cost: -5.005765181771913, energy:0.10451784876823894]
Iters. done: 94 [Current cost: -5.025853022054358, energy:0.1028036227121762]
Iters. done: 95 [Current cost: -5.046450455148272, energy:0.09953282492845576]
Iters. done: 96 [Current cost: -5.067926728836693, energy:0.0940502731292013]
Iters. done: 97 [Current cost: -5.087045714664772, energy:0.09280546954394245]
Iters. done: 98 [Current cost: -5.102763091655517, energy:0.09762192942726358]
Iters. done: 99 [Current cost: -5.119816459280599, energy:0.09923219500991919]
Iters. done: 100 [Current cost: -5.1360728306720205, energy:0.10177425003401751]
Iters. done: 101 [Current cost: -5.155245123614886, energy:0.09838183420233065]
Iters. done: 102 [Current cost: -5.171689925250074, energy:0.09955212092617581]
Iters. done: 103 [Current cost: -5.189376459202821, energy:0.09800173094630125]
Iters. done: 104 [Current cost: -5.209941697339979, energy:0.09096969182577913]
Iters. done: 105 [Current cost: -5.2258548629982, energy:0.09176834790917576]
Iters. done: 106 [Current cost: -5.242900200971643, energy:0.09017226397778909]
Iters. done: 107 [Current cost: -5.2579512441468825, energy:0.09156277240552241]
Iters. done: 108 [Current cost: -5.278377042970658, energy:0.08355477304925216]
Iters. done: 109 [Current cost: -5.291351330586444, energy:0.08759841392068134]
Iters. done: 110 [Current cost: -5.294645269617065, energy:0.10678967707496581]
Iters. done: 111 [Current cost: -5.307115280374427, energy:0.1104342634562398]
Iters. done: 112 [Current cost: -5.319760921713157, energy:0.11333002588883924]
Iters. done: 113 [Current cost: -5.33516357238716, energy:0.11150851329298385]
Iters. done: 114 [Current cost: -5.354705302575398, energy:0.10303710916853882]
Iters. done: 115 [Current cost: -5.368412192650155, energy:0.10325548129465482]
Iters. done: 116 [Current cost: -5.383759149471503, energy:0.10067794757381435]
Iters. done: 117 [Current cost: -5.396637238087814, energy:0.10147259267752874]
Iters. done: 118 [Current cost: -5.412128665956018, energy:0.09811534361979982]
Iters. done: 119 [Current cost: -5.426851168354144, energy:0.0956277362221237]
Iters. done: 120 [Current cost: -5.4341340100527376, energy:0.10346150569396118]
Iters. done: 121 [Current cost: -5.448082896287076, energy:0.10144443892510645]
Iters. done: 122 [Current cost: -5.459951399562654, energy:0.10206214872088656]
Iters. done: 123 [Current cost: -5.468359312439125, energy:0.1071135717886389]
Iters. done: 124 [Current cost: -5.477151537866998, energy:0.11123905904452529]
Iters. done: 125 [Current cost: -5.490035007372363, energy:0.10951907263628136]
Iters. done: 126 [Current cost: -5.501125542265509, energy:0.10993527212948047]
Iters. done: 127 [Current cost: -5.522313623070435, energy:0.0968711960187853]
Iters. done: 128 [Current cost: -5.530804624361311, energy:0.1002570693225592]
Iters. done: 129 [Current cost: -5.537705118246206, energy:0.10534305119925849]
Iters. done: 130 [Current cost: -5.54695675415005, energy:0.10709222021130885]
Iters. done: 131 [Current cost: -5.562486875710319, energy:0.10070701659270674]
Iters. done: 132 [Current cost: -5.573859646687584, energy:0.09936073488369823]
Iters. done: 133 [Current cost: -5.584451205212965, energy:0.09876343716629367]
Iters. done: 134 [Current cost: -5.589588129501277, energy:0.10455219309679722]
Iters. done: 135 [Current cost: -5.598251967020289, energy:0.10576647804227213]
Iters. done: 136 [Current cost: -5.60453816154914, energy:0.1095502702822088]
Iters. done: 137 [Current cost: -5.619868583645537, energy:0.10243132129679927]
Iters. done: 138 [Current cost: -5.623472409381354, energy:0.10885727929254876]
Iters. done: 139 [Current cost: -5.632665325536449, energy:0.10852125787770929]
Iters. done: 140 [Current cost: -5.645262481523842, energy:0.10411424520655094]
Iters. done: 141 [Current cost: -5.6572933942712655, energy:0.10022978613496716]
Iters. done: 142 [Current cost: -5.668872689177754, energy:0.09672697408120726]
Iters. done: 143 [Current cost: -5.677751407879663, energy:0.0960825420256427]
Iters. done: 144 [Current cost: -5.6848916017026365, energy:0.09716296581565301]
Iters. done: 145 [Current cost: -5.688886234410293, energy:0.10144443892510727]
Iters. done: 146 [Current cost: -5.692694189756355, energy:0.10566024084415421]
Iters. done: 147 [Current cost: -5.697895667796731, energy:0.10813510579650437]
Iters. done: 148 [Current cost: -5.693024231946236, energy:0.12098348920531968]
Iters. done: 149 [Current cost: -5.713463837724235, energy:0.10703782473428419]
Iters. done: 150 [Current cost: -5.727478746507588, energy:0.09980755842907595]
Iters. done: 151 [Current cost: -5.738892965202762, energy:0.095203474157222]
Iters. done: 152 [Current cost: -5.7453098230930575, energy:0.09559317607891185]
Iters. done: 153 [Current cost: -5.744457014779901, energy:0.10313017691106022]
Iters. done: 154 [Current cost: -5.76155117246683, energy:0.0924742056186604]
Iters. done: 155 [Current cost: -5.767844126891505, energy:0.09252950060457509]
Iters. done: 156 [Current cost: -5.772757495473064, energy:0.09378371331094072]
Iters. done: 157 [Current cost: -5.774688990841029, energy:0.09776391991811867]
Iters. done: 158 [Current cost: -5.779934550269842, energy:0.09833537240962589]
Iters. done: 159 [Current cost: -5.788215782318849, energy:0.09585238966843024]
Iters. done: 160 [Current cost: -5.793331980634262, energy:0.09626690163093114]
Iters. done: 161 [Current cost: -5.795795978452097, energy:0.09902588699038627]
Iters. done: 162 [Current cost: -5.792844172212186, energy:0.1066447937154597]
Iters. done: 163 [Current cost: -5.808181133728574, energy:0.09711027654311588]
Iters. done: 164 [Current cost: -5.80798135551174, energy:0.10183375362976485]
Iters. done: 165 [Current cost: -5.814981496975517, energy:0.09980599669602573]
Iters. done: 166 [Current cost: -5.820122953456643, energy:0.09935808196186426]
Iters. done: 167 [Current cost: -5.828806396734283, energy:0.09562180819862691]
Iters. done: 168 [Current cost: -5.8259571796718355, energy:0.10205705867739877]
Iters. done: 169 [Current cost: -5.831649626712874, energy:0.10074725010211462]
Iters. done: 170 [Current cost: -5.836871454663322, energy:0.09974871188713882]
Iters. done: 171 [Current cost: -5.84824246269276, energy:0.09331353514374519]
Iters. done: 172 [Current cost: -5.850240294703582, energy:0.09492816888723979]
Iters. done: 173 [Current cost: -5.855199736310142, energy:0.09387370983912557]
Iters. done: 174 [Current cost: -5.84969809435927, energy:0.10159245087149879]
Iters. done: 175 [Current cost: -5.856136071309384, energy:0.09903794283535386]
Iters. done: 176 [Current cost: -5.8510249311650675, energy:0.10605903789012378]
Iters. done: 177 [Current cost: -5.863095546792922, energy:0.09862350144187591]
Iters. done: 178 [Current cost: -5.876583989287557, energy:0.09002001272182322]
Iters. done: 179 [Current cost: -5.880269068368632, energy:0.0894509529842683]
Iters. done: 180 [Current cost: -5.876760658486777, energy:0.09462776649699184]
Iters. done: 181 [Current cost: -5.882967610365593, energy:0.09179930023516274]
Iters. done: 182 [Current cost: -5.876584859454275, energy:0.09898832668391702]
Iters. done: 183 [Current cost: -5.8869767567027225, energy:0.0926469287337065]
Iters. done: 184 [Current cost: -5.891783103926981, energy:0.09070565688490917]
Iters. done: 185 [Current cost: -5.889544141911852, energy:0.09422040725491057]
Iters. done: 186 [Current cost: -5.882881515162073, energy:0.10103855197661221]
Iters. done: 187 [Current cost: -5.897078924599975, energy:0.09153952711157491]
Iters. done: 188 [Current cost: -5.897607013568099, energy:0.09257916769601635]
Iters. done: 189 [Current cost: -5.897489057905377, energy:0.09400930079565706]
Iters. done: 190 [Current cost: -5.8998061898483805, energy:0.09348671382717913]
Iters. done: 191 [Current cost: -5.902726530117099, energy:0.09243032692942307]
Iters. done: 192 [Current cost: -5.90976295609522, energy:0.08822163598662632]
Iters. done: 193 [Current cost: -5.914248475122384, energy:0.08588032666038695]
Iters. done: 194 [Current cost: -5.920607677141308, energy:0.08210146830067583]
Iters. done: 195 [Current cost: -5.932729907318624, energy:0.07405592175809066]
Iters. done: 196 [Current cost: -5.945444897507286, energy:0.06559760328920244]
Iters. done: 197 [Current cost: -5.95046185594485, energy:0.06274987693146912]
Iters. done: 198 [Current cost: -5.944379113966195, energy:0.0678621734026931]
Iters. done: 199 [Current cost: -5.951003885517415, energy:0.06372947962412052]
Iters. done: 200 [Current cost: -5.935565596968179, energy:0.07528383426813574]
Iters. done: 201 [Current cost: -5.951689188515679, energy:0.06428328344873764]
Iters. done: 202 [Current cost: -5.936678063832631, energy:0.0752475782067052]
Iters. done: 203 [Current cost: -5.9626561475558555, energy:0.05734050716554464]
Iters. done: 204 [Current cost: -5.977872238479176, energy:0.047055854872374375]
Iters. done: 205 [Current cost: -5.975647367811912, energy:0.04887791628063847]
Iters. done: 206 [Current cost: -5.963798647269849, energy:0.05722279628667413]
Iters. done: 207 [Current cost: -5.976634252907896, energy:0.048537528209170754]
Iters. done: 208 [Current cost: -5.969715363332174, energy:0.05330398804932056]
Iters. done: 209 [Current cost: -5.978503983270009, energy:0.04734031377537542]
Iters. done: 210 [Current cost: -5.9661802875261465, energy:0.055557672689645676]
Iters. done: 211 [Current cost: -5.974567107345804, energy:0.049787015759669206]
Iters. done: 212 [Current cost: -5.9614656264334664, energy:0.05828755307398116]
Iters. done: 213 [Current cost: -5.970520369013653, energy:0.05199847208289741]
Iters. done: 214 [Current cost: -5.963747908510387, energy:0.05611205382211172]
Iters. done: 215 [Current cost: -5.970624503701114, energy:0.051203848526698896]
Iters. done: 216 [Current cost: -5.957725399034976, energy:0.0591368168184649]
Iters. done: 217 [Current cost: -5.975814206263255, energy:0.04690074430949953]
Iters. done: 218 [Current cost: -5.977479012085986, energy:0.045293386376705505]
Iters. done: 219 [Current cost: -5.9751315513177214, energy:0.046210275611767]
Iters. done: 220 [Current cost: -5.968074698054044, energy:0.050055477563349465]
Iters. done: 221 [Current cost: -5.967242925487525, energy:0.049866187470721524]
Iters. done: 222 [Current cost: -5.961252147953244, energy:0.052870500872487326]
Iters. done: 223 [Current cost: -5.972214139698614, energy:0.04517456147217279]
Iters. done: 224 [Current cost: -5.975431619980687, energy:0.042327944910409636]
Iters. done: 225 [Current cost: -5.964105112366531, energy:0.048470237531034036]
Iters. done: 226 [Current cost: -5.942005243197649, energy:0.06114424305475418]
Iters. done: 227 [Current cost: -5.96646456961787, energy:0.04506819513363607]
Iters. done: 228 [Current cost: -5.966798069142384, energy:0.04383242207834248]
Iters. done: 229 [Current cost: -5.9498612284361245, energy:0.053050813465435664]
Iters. done: 230 [Current cost: -5.938667888608056, energy:0.05865844610213666]
Iters. done: 231 [Current cost: -5.947145765657465, energy:0.05232490441952059]
Iters. done: 232 [Current cost: -5.937208334306169, energy:0.05703282897191944]
Iters. done: 233 [Current cost: -5.961793946215379, energy:0.04107441392676535]
Iters. done: 234 [Current cost: -5.958271094130145, energy:0.04189104683166979]
Iters. done: 235 [Current cost: -5.949743985991607, energy:0.045607044555334236]
Iters. done: 236 [Current cost: -5.935793049270011, energy:0.052430014726397335]
Iters. done: 237 [Current cost: -5.936579692909212, energy:0.05052534866996068]
Iters. done: 238 [Current cost: -5.9301390358527595, energy:0.05280146582327674]
Iters. done: 239 [Current cost: -5.936664940245829, energy:0.047498360405624405]
Iters. done: 240 [Current cost: -5.9269241246591635, energy:0.05158402258375346]
Iters. done: 241 [Current cost: -5.934629452613415, energy:0.04557131730410413]
Iters. done: 242 [Current cost: -5.915835107166513, energy:0.05472056579792596]
Iters. done: 243 [Current cost: -5.926901786327239, energy:0.0467496659991832]
Iters. done: 244 [Current cost: -5.9383524978360045, energy:0.038593474948618395]
Iters. done: 245 [Current cost: -5.916650403212348, energy:0.049167324147358214]
Iters. done: 246 [Current cost: -5.907027087665911, energy:0.052827151697588816]
Iters. done: 247 [Current cost: -5.904991028394347, energy:0.05217161903545183]
Iters. done: 248 [Current cost: -5.891652895531693, energy:0.057779456704879]
Iters. done: 249 [Current cost: -5.900672100072043, energy:0.0508981561453542]
Iters. done: 250 [Current cost: -5.870451424267127, energy:0.0657177643840757]
Iters. done: 251 [Current cost: -5.89728765601368, energy:0.04898098385066439]
Iters. done: 252 [Current cost: -5.887275897850153, energy:0.052535474020459036]
Iters. done: 253 [Current cost: -5.893618176639831, energy:0.04710379703224523]
Iters. done: 254 [Current cost: -5.885828808698784, energy:0.04935677459556462]
Iters. done: 255 [Current cost: -5.8783425581875415, energy:0.051392192892346075]
Iters. done: 256 [Current cost: -5.888155119981485, energy:0.04405590392228603]
Iters. done: 257 [Current cost: -5.884516308878231, energy:0.04396173045043198]
Iters. done: 258 [Current cost: -5.886335398389382, energy:0.04091805999568499]
Iters. done: 259 [Current cost: -5.869023338555219, energy:0.04804653669917159]
Iters. done: 260 [Current cost: -5.857593653800244, energy:0.05196878879627742]
Iters. done: 261 [Current cost: -5.862112779380025, energy:0.04740179340134973]
Iters. done: 262 [Current cost: -5.852707631284859, energy:0.05016526557409388]
Iters. done: 263 [Current cost: -5.860159709537669, energy:0.04403946705147625]
Iters. done: 264 [Current cost: -5.8503556659135105, energy:0.04693865167368205]
Iters. done: 265 [Current cost: -5.858702998005877, energy:0.04034477104573248]
Iters. done: 266 [Current cost: -5.854204767684925, energy:0.04042466283812824]
Iters. done: 267 [Current cost: -5.830259469721668, energy:0.05051288899380527]
Iters. done: 268 [Current cost: -5.817147411378814, energy:0.054927313570367876]
Iters. done: 269 [Current cost: -5.824891699212677, energy:0.04858567666239246]
Iters. done: 270 [Current cost: -5.817449464201427, energy:0.0500189821461115]
Iters. done: 271 [Current cost: -5.809826493895767, energy:0.05150524023588024]
Iters. done: 272 [Current cost: -5.802005703609347, energy:0.053052909987555415]
Iters. done: 273 [Current cost: -5.808406538385726, energy:0.04737440941658769]
Iters. done: 274 [Current cost: -5.813638115702751, energy:0.04229960903279779]
Iters. done: 275 [Current cost: -5.801753624686003, energy:0.04581704562993307]
Iters. done: 276 [Current cost: -5.786911303969366, energy:0.05076306464933953]
Iters. done: 277 [Current cost: -5.797157230314662, energy:0.04314937198900872]
Iters. done: 278 [Current cost: -5.763731421306352, energy:0.05724745363363562]
Iters. done: 279 [Current cost: -5.7812908109831636, energy:0.04598753108649625]
Iters. done: 280 [Current cost: -5.75499313321582, energy:0.05641391734786046]
Iters. done: 281 [Current cost: -5.772412112688529, energy:0.045251461285266296]
Iters. done: 282 [Current cost: -5.765532574706436, energy:0.04604442708953706]
Iters. done: 283 [Current cost: -5.754110885529787, energy:0.049025126760121704]
Iters. done: 284 [Current cost: -5.748597290133004, energy:0.049086836008993495]
Iters. done: 285 [Current cost: -5.759973922070958, energy:0.04093390638271475]
Iters. done: 286 [Current cost: -5.719522018369152, energy:0.05786893469696787]
Iters. done: 287 [Current cost: -5.737872458899425, energy:0.04632397831089994]
Iters. done: 288 [Current cost: -5.727226450981999, energy:0.048764993113023826]
Iters. done: 289 [Current cost: -5.719474170418641, energy:0.04978216066061627]
Iters. done: 290 [Current cost: -5.7122039153605435, energy:0.050540299657992574]
Iters. done: 291 [Current cost: -5.716859728308201, energy:0.04559545470842744]
Iters. done: 292 [Current cost: -5.7192120819575285, energy:0.04175409957354352]
Iters. done: 293 [Current cost: -5.691703649201673, energy:0.05203493680685841]
Iters. done: 294 [Current cost: -5.696839132731397, energy:0.0468389175560893]
Iters. done: 295 [Current cost: -5.685384728731548, energy:0.04945345598492279]
Iters. done: 296 [Current cost: -5.687936753924127, energy:0.045466599218638715]
Iters. done: 297 [Current cost: -5.691760708828189, energy:0.040891042080740916]
Iters. done: 298 [Current cost: -5.661971654160663, energy:0.05197875074495031]
Iters. done: 299 [Current cost: -5.6620150634720385, energy:0.049123078278173735]
Iters. done: 300 [Current cost: -5.638738059521155, energy:0.057073273545999885]
Iters. done: 301 [Current cost: -5.650890087130071, energy:0.048582775669715625]
Iters. done: 302 [Current cost: -5.629288802198638, energy:0.055676873979580335]
Iters. done: 303 [Current cost: -5.636161877298313, energy:0.04962665169367086]
Iters. done: 304 [Current cost: -5.645342168929398, energy:0.042541004466557585]
Iters. done: 305 [Current cost: -5.639718035886105, energy:0.0422357082574143]
Iters. done: 306 [Current cost: -5.607979031903578, energy:0.05380644332264655]
Iters. done: 307 [Current cost: -5.6094596320678525, energy:0.050206272159509915]
Iters. done: 308 [Current cost: -5.588223080139368, energy:0.056904380254403406]
Iters. done: 309 [Current cost: -5.60462714383774, energy:0.04653590409679109]
Iters. done: 310 [Current cost: -5.581975256998124, energy:0.05380727097630299]
Iters. done: 311 [Current cost: -5.579346008849575, energy:0.052023589084257756]
Iters. done: 312 [Current cost: -5.556169996061374, energy:0.05944889787123398]
Iters. done: 313 [Current cost: -5.580350395746505, energy:0.04563723366992156]
Iters. done: 314 [Current cost: -5.5669777837549415, energy:0.04862855551616964]
Iters. done: 315 [Current cost: -5.564419351873636, energy:0.04678099454122906]
Iters. done: 316 [Current cost: -5.560604829527504, energy:0.045484162620250075]
Iters. done: 317 [Current cost: -5.53499394865094, energy:0.0538200599974988]
Iters. done: 318 [Current cost: -5.509451571155802, energy:0.06207899801822942]
Iters. done: 319 [Current cost: -5.528734368990152, energy:0.05052674317047216]
Iters. done: 320 [Current cost: -5.514172041746114, energy:0.05389139528404911]
Iters. done: 321 [Current cost: -5.516948697579892, energy:0.04962726419510998]
Iters. done: 322 [Current cost: -5.491680001659171, energy:0.05762951013000261]
Iters. done: 323 [Current cost: -5.492193799584162, energy:0.054332090405092674]
Iters. done: 324 [Current cost: -5.496358049524899, energy:0.04945074089547901]
Iters. done: 325 [Current cost: -5.494372249228012, energy:0.047248591889285346]
Iters. done: 326 [Current cost: -5.454419059055007, energy:0.061483420891239336]
Iters. done: 327 [Current cost: -5.476100153351894, energy:0.049005817832562984]
Iters. done: 328 [Current cost: -5.472288707554111, energy:0.04756501127398967]
Iters. done: 329 [Current cost: -5.471172275595016, energy:0.044960656467928115]
Iters. done: 330 [Current cost: -5.4551133287105324, energy:0.04875735393779992]
Iters. done: 331 [Current cost: -5.447937772069208, energy:0.048725855541495666]
Iters. done: 332 [Current cost: -5.460155552900062, energy:0.04041326892675416]
Iters. done: 333 [Current cost: -5.415141411850976, energy:0.05648275937799363]
Iters. done: 334 [Current cost: -5.420933631829207, energy:0.05088270597732908]
Iters. done: 335 [Current cost: -5.408322344451827, energy:0.053101495136550825]
Iters. done: 336 [Current cost: -5.393406172896379, energy:0.056275308948018]
Iters. done: 337 [Current cost: -5.392538251313945, energy:0.053488512515076594]
Iters. done: 338 [Current cost: -5.402782729754302, energy:0.046024798519767415]
Iters. done: 339 [Current cost: -5.395207724435032, energy:0.04606981616732516]
Iters. done: 340 [Current cost: -5.357500606708164, energy:0.05874544111294775]
Iters. done: 341 [Current cost: -5.367304555531238, energy:0.05146042925371359]
Iters. done: 342 [Current cost: -5.346072491168759, energy:0.057167798376820185]
Iters. done: 343 [Current cost: -5.3612812560295655, energy:0.04764465425573331]
Iters. done: 344 [Current cost: -5.355420736328017, energy:0.04691718400374073]
Iters. done: 345 [Current cost: -5.33041742265312, energy:0.05412719170821]
Iters. done: 346 [Current cost: -5.33977855004699, energy:0.04706222689597772]
Iters. done: 347 [Current cost: -5.322612375196802, energy:0.0509806980772993]
Iters. done: 348 [Current cost: -5.318880607703275, energy:0.04933175200305574]
Iters. done: 349 [Current cost: -5.313054059053946, energy:0.04854190006643758]
Iters. done: 350 [Current cost: -5.304283548272794, energy:0.04895459706056711]
Iters. done: 351 [Current cost: -5.304866899730129, energy:0.04552172994251358]
Iters. done: 352 [Current cost: -5.290167934450942, energy:0.04834408024053448]
Iters. done: 353 [Current cost: -5.279365316266279, energy:0.049555753808452514]
Iters. done: 354 [Current cost: -5.285817240226231, energy:0.043721896916646484]
Iters. done: 355 [Current cost: -5.269001660317678, energy:0.047363093835679916]
Iters. done: 356 [Current cost: -5.257537509542256, energy:0.04881038786421597]
Iters. done: 357 [Current cost: -5.25171436502645, energy:0.047956750772509174]
Iters. done: 358 [Current cost: -5.2438266569884515, energy:0.04793273965369404]
Iters. done: 359 [Current cost: -5.237332344498747, energy:0.047337394772746524]
Iters. done: 360 [Current cost: -5.225052635251013, energy:0.04906785303115124]
Iters. done: 361 [Current cost: -5.220551148654654, energy:0.0476534496023303]
Iters. done: 362 [Current cost: -5.212051825515797, energy:0.04784172736057147]
Iters. done: 363 [Current cost: -5.203387140480143, energy:0.048087438565856074]
Iters. done: 364 [Current cost: -5.189338416271532, energy:0.05048011571324307]
Iters. done: 365 [Current cost: -5.186048832006967, energy:0.04855579667387661]
Iters. done: 366 [Current cost: -5.184429473385151, energy:0.045965086574466935]
Iters. done: 367 [Current cost: -5.171331380504972, energy:0.04794585145707371]
Iters. done: 368 [Current cost: -5.170683558394174, energy:0.044963996285147585]
Iters. done: 369 [Current cost: -5.156111215894797, energy:0.047509278133822115]
Iters. done: 370 [Current cost: -5.155975851494729, energy:0.044320637956246786]
Iters. done: 371 [Current cost: -5.143448774034522, energy:0.04603474146737745]
Iters. done: 372 [Current cost: -5.1331596234723404, energy:0.04685306932432089]
Iters. done: 373 [Current cost: -5.12133597459811, energy:0.0482670225046251]
Iters. done: 374 [Current cost: -5.115376507205182, energy:0.047360961008397484]
Iters. done: 375 [Current cost: -5.109824140799985, energy:0.04629123003884236]
Iters. done: 376 [Current cost: -5.097411642614589, energy:0.04790996970798726]
Iters. done: 377 [Current cost: -5.088680348584462, energy:0.048074930293001424]
Iters. done: 378 [Current cost: -5.085907141466093, energy:0.04590226154937614]
Iters. done: 379 [Current cost: -5.0729460403855935, energy:0.047708969635457135]
Iters. done: 380 [Current cost: -5.0624342567912075, energy:0.04854911901328497]
Iters. done: 381 [Current cost: -5.054530084531195, energy:0.048364904872878915]
Iters. done: 382 [Current cost: -5.047097913159089, energy:0.0479916630133443]
Iters. done: 383 [Current cost: -5.043622010240808, energy:0.046077626670310734]
Iters. done: 384 [Current cost: -5.029505140015572, energy:0.04828902965388539]
Iters. done: 385 [Current cost: -5.022383773565013, energy:0.047779826018664186]
Iters. done: 386 [Current cost: -5.015436661656744, energy:0.04719918404177284]
Iters. done: 387 [Current cost: -5.005854223097443, energy:0.0476321934756851]
Iters. done: 388 [Current cost: -4.9969719831463255, energy:0.04778864617997847]
Iters. done: 389 [Current cost: -4.991018940886693, energy:0.04681157348452777]
Iters. done: 390 [Current cost: -4.97713370912443, energy:0.04888213612553839]
Iters. done: 391 [Current cost: -4.971004004511615, energy:0.04796351471024343]
Iters. done: 392 [Current cost: -4.962129113420363, energy:0.04809533626063076]
Iters. done: 393 [Current cost: -4.956779163102455, energy:0.046871958770029774]
Iters. done: 394 [Current cost: -4.942091340769266, energy:0.049218751902874405]
Iters. done: 395 [Current cost: -4.936261334696403, energy:0.048170612281246784]
Iters. done: 396 [Current cost: -4.927035009903244, energy:0.04841658840762328]
Iters. done: 397 [Current cost: -4.9197126707298855, energy:0.04793186671426221]
Iters. done: 398 [Current cost: -4.905466266588181, energy:0.050079636826107644]
Iters. done: 399 [Current cost: -4.901849524649648, energy:0.04817623776676454]
Iters. done: 400 [Current cost: -4.8940910212281175, energy:0.04784622061357929]
Iters. done: 401 [Current cost: -4.887144183083437, energy:0.04720518634836286]
Iters. done: 402 [Current cost: -4.885910557734975, energy:0.04439975883786897]
Iters. done: 403 [Current cost: -4.874331584028592, energy:0.04550733000494478]
Iters. done: 404 [Current cost: -4.861091472411568, energy:0.04723606222159625]
Iters. done: 405 [Current cost: -4.853624438314782, energy:0.04677935736470595]
Iters. done: 406 [Current cost: -4.839216185433194, energy:0.048936017833878236]
Iters. done: 407 [Current cost: -4.836702759298897, energy:0.04660606939184593]
Iters. done: 408 [Current cost: -4.823104637160532, energy:0.04844593661743838]
Iters. done: 409 [Current cost: -4.819095609196035, energy:0.04667663545812087]
Iters. done: 410 [Current cost: -4.808405156043553, energy:0.047414426488194904]
Iters. done: 411 [Current cost: -4.803277500296326, energy:0.046062999911239626]
Iters. done: 412 [Current cost: -4.790921487634554, energy:0.047416531314068346]
Iters. done: 413 [Current cost: -4.783926151913876, energy:0.04675977147090507]
Iters. done: 414 [Current cost: -4.772237327357983, energy:0.04785440542643407]
Iters. done: 415 [Current cost: -4.765738584004364, energy:0.04700708833891467]
Iters. done: 416 [Current cost: -4.748793553266573, energy:0.050053630052644016]
Iters. done: 417 [Current cost: -4.746589232155715, energy:0.04759977077804901]
Iters. done: 418 [Current cost: -4.74835618377924, energy:0.04367413856943698]
Iters. done: 419 [Current cost: -4.730040348512819, energy:0.04721251590681006]
Iters. done: 420 [Current cost: -4.723592262383596, energy:0.046337596698584164]
Iters. done: 421 [Current cost: -4.713470974542024, energy:0.04682388677572888]
Iters. done: 422 [Current cost: -4.699446081616545, energy:0.04875353370517762]
Iters. done: 423 [Current cost: -4.693534147069796, energy:0.04767325482936097]
Iters. done: 424 [Current cost: -4.688132451817779, energy:0.046404410244292336]
Iters. done: 425 [Current cost: -4.674751928228535, energy:0.048083506987119]
Iters. done: 426 [Current cost: -4.677234428777431, energy:0.04390351101332714]
Iters. done: 427 [Current cost: -4.655677936557899, energy:0.04859113871024477]
Iters. done: 428 [Current cost: -4.648490649235504, energy:0.04797504979557854]
Iters. done: 429 [Current cost: -4.641739833797231, energy:0.04719750338167024]
Iters. done: 430 [Current cost: -4.6314924359026, energy:0.0477056068580998]
Iters. done: 431 [Current cost: -4.622987476410735, energy:0.04757056516998461]
Iters. done: 432 [Current cost: -4.614602811767543, energy:0.04738978606107844]
Iters. done: 433 [Current cost: -4.605423546774342, energy:0.047499115609176676]
Iters. done: 434 [Current cost: -4.5930431555445, energy:0.04878041724280366]
Iters. done: 435 [Current cost: -4.588228053356989, energy:0.04728627019964109]
Iters. done: 436 [Current cost: -4.578040881057455, energy:0.047759498024576644]
Iters. done: 437 [Current cost: -4.570657692344009, energy:0.04720503104922144]
Iters. done: 438 [Current cost: -4.562753334891761, energy:0.046840528121595795]
Iters. done: 439 [Current cost: -4.550923054996684, energy:0.04790864898213446]
Iters. done: 440 [Current cost: -4.5424472998286936, energy:0.04774991807572143]
Iters. done: 441 [Current cost: -4.533244243857279, energy:0.04785539420904673]
Iters. done: 442 [Current cost: -4.527749279900319, energy:0.04660872695968807]
Iters. done: 443 [Current cost: -4.517051451425022, energy:0.047256636419777724]
Iters. done: 444 [Current cost: -4.504386277928004, energy:0.048618595265812095]
Iters. done: 445 [Current cost: -4.499428600095342, energy:0.047175291770325395]
Iters. done: 446 [Current cost: -4.496248119776277, energy:0.04508872812646331]
Iters. done: 447 [Current cost: -4.480546541484498, energy:0.047547522467072695]
Iters. done: 448 [Current cost: -4.469370409172061, energy:0.048361598608927574]
Iters. done: 449 [Current cost: -4.462588863867568, energy:0.047580359910188975]
Iters. done: 450 [Current cost: -4.4543910983543356, energy:0.047312685404727356]
Iters. done: 451 [Current cost: -4.446748348741177, energy:0.0468438282665681]
Iters. done: 452 [Current cost: -4.434038275939479, energy:0.04820842116188071]
Iters. done: 453 [Current cost: -4.429353437043466, energy:0.04666883249448012]
Iters. done: 454 [Current cost: -4.422294928644006, energy:0.04598872941702127]
Iters. done: 455 [Current cost: -4.408384942532187, energy:0.047782768303333716]
Iters. done: 456 [Current cost: -4.400401220918582, energy:0.04743562757999353]
Iters. done: 457 [Current cost: -4.392149028647148, energy:0.0471854517306298]
Iters. done: 458 [Current cost: -4.3840353672948575, energy:0.046885384763011045]
Iters. done: 459 [Current cost: -4.373820725017001, energy:0.04734233578263382]
Iters. done: 460 [Current cost: -4.363948278235585, energy:0.04767544215178172]
Iters. done: 461 [Current cost: -4.355874432445769, energy:0.04736070976602262]
Iters. done: 462 [Current cost: -4.348304538929539, energy:0.04686504459686204]
Iters. done: 463 [Current cost: -4.337681717195372, energy:0.04746737127089478]
Iters. done: 464 [Current cost: -4.327262481886371, energy:0.04799607087074477]
Iters. done: 465 [Current cost: -4.3191786463467015, energy:0.04768542690997287]
Iters. done: 466 [Current cost: -4.310295546050086, energy:0.047662197860846654]
Iters. done: 467 [Current cost: -4.301884257824954, energy:0.04746987969043325]
Iters. done: 468 [Current cost: -4.297340529419823, energy:0.04589143879251409]
Iters. done: 469 [Current cost: -4.2832415396290076, energy:0.04773902592867839]
Iters. done: 470 [Current cost: -4.2808437852646435, energy:0.04539398210710895]
Iters. done: 471 [Current cost: -4.2671285266361, energy:0.04710298841671735]
Iters. done: 472 [Current cost: -4.256706826006012, energy:0.04763267136491829]
Iters. done: 473 [Current cost: -4.247983901701143, energy:0.04755450570907695]
Iters. done: 474 [Current cost: -4.237192282812818, energy:0.04821696223452751]
Iters. done: 475 [Current cost: -4.231722469813724, energy:0.04697654548326091]
Iters. done: 476 [Current cost: -4.223608942813651, energy:0.046682707182968006]
Iters. done: 477 [Current cost: -4.213284019004989, energy:0.04717956290646443]
Iters. done: 478 [Current cost: -4.2049343056124915, energy:0.04697150311661402]
Iters. done: 479 [Current cost: -4.193745575492165, energy:0.047777717780146715]
Iters. done: 480 [Current cost: -4.18594059215763, energy:0.04737666517120888]
Iters. done: 481 [Current cost: -4.176365978023388, energy:0.04760799712343232]
Iters. done: 482 [Current cost: -4.1663094166018535, energy:0.048011945551394354]
Iters. done: 483 [Current cost: -4.1594407001619444, energy:0.04728004455586606]
Iters. done: 484 [Current cost: -4.149832937458211, energy:0.04752569284326048]
Iters. done: 485 [Current cost: -4.139831474061665, energy:0.04791247193810251]
Iters. done: 486 [Current cost: -4.132195492750229, energy:0.047457547517171225]
Iters. done: 487 [Current cost: -4.121889609770552, energy:0.04795460376986515]
Iters. done: 488 [Current cost: -4.113063805081596, energy:0.04792564412445625]
Iters. done: 489 [Current cost: -4.104023015749534, energy:0.047974369832659]
Iters. done: 490 [Current cost: -4.099671217537571, energy:0.04635653176959016]
Iters. done: 491 [Current cost: -4.085449524304043, energy:0.04825036700453045]
Iters. done: 492 [Current cost: -4.077552703667898, energy:0.04789586565778728]
Iters. done: 493 [Current cost: -4.068427896739708, energy:0.04797944572572324]
Iters. done: 494 [Current cost: -4.061532252133312, energy:0.047272134778060214]
Iters. done: 495 [Current cost: -4.05520598659751, energy:0.04636457651985991]
Iters. done: 496 [Current cost: -4.044061464418899, energy:0.047169732805343145]
Iters. done: 497 [Current cost: -4.034834358336874, energy:0.04729533630502877]
Iters. done: 498 [Current cost: -4.025312233121011, energy:0.047527139416753836]
Iters. done: 499 [Current cost: -4.019663963430068, energy:0.04638555546954397]
Iters. done: 500 [Current cost: -4.008281265476236, energy:0.047280626240198645]
Iters. done: 501 [Current cost: -3.998045495314161, energy:0.0477702735386809]
Iters. done: 502 [Current cost: -3.9902377359366836, energy:0.047399961884433975]
Iters. done: 503 [Current cost: -3.9812785889624704, energy:0.04743989901819431]
Iters. done: 504 [Current cost: -3.972184596204968, energy:0.047529371038792116]
Iters. done: 505 [Current cost: -3.9625075902222058, energy:0.04782734565040545]
Iters. done: 506 [Current cost: -3.955229805236925, energy:0.04727630186709067]
Iters. done: 507 [Current cost: -3.9447164893633637, energy:0.04787433591958693]
Iters. done: 508 [Current cost: -3.9380736612960874, energy:0.04710205624214104]
Iters. done: 509 [Current cost: -3.9283251324443706, energy:0.047432593824563114]
Iters. done: 510 [Current cost: -3.9192623368816264, energy:0.047521997386102154]
Iters. done: 511 [Current cost: -3.9103198053306385, energy:0.04757073028192607]
Iters. done: 512 [Current cost: -3.9017423190773455, energy:0.0474920998095293]
Iters. done: 513 [Current cost: -3.8924757292299517, energy:0.047659674306810666]
Iters. done: 514 [Current cost: -3.8846780256199946, energy:0.0473088825508073]
Iters. done: 515 [Current cost: -3.876105912967745, energy:0.047234579511070254]
Iters. done: 516 [Current cost: -3.8659040651843752, energy:0.04773971624401568]
Iters. done: 517 [Current cost: -3.8604058863770754, energy:0.0465810084940349]
Iters. done: 518 [Current cost: -3.84954180879917, energy:0.04732484591536605]
Iters. done: 519 [Current cost: -3.840497941422222, energy:0.04742632837188883]
Iters. done: 520 [Current cost: -3.8316107621870152, energy:0.04747456605734347]
Iters. done: 521 [Current cost: -3.821213672754135, energy:0.04805994876512989]
Iters. done: 522 [Current cost: -3.8142432717350254, energy:0.04743381978961868]
Iters. done: 523 [Current cost: -3.8053462395099, energy:0.04749249055156364]
Iters. done: 524 [Current cost: -3.7969285990444885, energy:0.04738375017728587]
Iters. done: 525 [Current cost: -3.788473612594794, energy:0.0472906444182587]
Iters. done: 526 [Current cost: -3.779480884658673, energy:0.04739041997566924]
Iters. done: 527 [Current cost: -3.7701600812483553, energy:0.0476088802299718]
Iters. done: 528 [Current cost: -3.7626836930807683, energy:0.047176544620955725]
Iters. done: 529 [Current cost: -3.755653633162328, energy:0.046588747618599935]
Iters. done: 530 [Current cost: -3.745039827450415, energy:0.04727262219152696]
Iters. done: 531 [Current cost: -3.7360769860218563, energy:0.04737444243805933]
Iters. done: 532 [Current cost: -3.7280967781310923, energy:0.04713077479868029]
Iters. done: 533 [Current cost: -3.7210051828269286, energy:0.04657499768554963]
Iters. done: 534 [Current cost: -3.7102539408998463, energy:0.047318228004082113]
Iters. done: 535 [Current cost: -3.700055172539324, energy:0.04786872641075415]
Iters. done: 536 [Current cost: -3.692232094335717, energy:0.0475799824977635]
Iters. done: 537 [Current cost: -3.6849304524419013, energy:0.04710916729973924]
Iters. done: 538 [Current cost: -3.6759521322586, energy:0.04723535487935089]
Iters. done: 539 [Current cost: -3.667632874012198, energy:0.04713074056250234]
Iters. done: 540 [Current cost: -3.6583984675724683, energy:0.04735338688445462]
Iters. done: 541 [Current cost: -3.6495008703340903, energy:0.04745952371044502]
Iters. done: 542 [Current cost: -3.641119557552528, energy:0.047385455393320834]
Iters. done: 543 [Current cost: -3.6323100628343847, energy:0.047466163082538426]
Iters. done: 544 [Current cost: -3.6242766521028877, energy:0.04727448503107938]
Iters. done: 545 [Current cost: -3.615900598857273, energy:0.047207289773696676]
Iters. done: 546 [Current cost: -3.606695851830375, energy:0.04743714893875855]
Iters. done: 547 [Current cost: -3.5983459030050438, energy:0.04736667718592412]
Iters. done: 548 [Current cost: -3.5898712515417723, energy:0.047343487423231835]
Iters. done: 549 [Current cost: -3.580504316192713, energy:0.04764021902155958]
Iters. done: 550 [Current cost: -3.5728362727476504, energy:0.04733670875755656]
Iters. done: 551 [Current cost: -3.56446984360295, energy:0.04728430251659738]
Iters. done: 552 [Current cost: -3.5556645539988203, energy:0.04739093976627499]
Iters. done: 553 [Current cost: -3.5488759321535923, energy:0.04678413606348554]
Iters. done: 554 [Current cost: -3.539087263170112, energy:0.047246532506002345]
Iters. done: 555 [Current cost: -3.529612864691631, energy:0.04760070114282626]
Iters. done: 556 [Current cost: -3.5224099702384897, energy:0.047150369757009876]
Iters. done: 557 [Current cost: -3.513822991024814, energy:0.04719544807562526]
Iters. done: 558 [Current cost: -3.5051452430695913, energy:0.047276118615271284]
Iters. done: 559 [Current cost: -3.4966628106827975, energy:0.04729061067438287]
Iters. done: 560 [Current cost: -3.488328149219872, energy:0.04725581828647253]
Iters. done: 561 [Current cost: -3.479458846377152, energy:0.04741474602860943]
Iters. done: 562 [Current cost: -3.471988990652068, energy:0.047078615996371254]
Iters. done: 563 [Current cost: -3.463830998034962, energy:0.04699087928567561]
Iters. done: 564 [Current cost: -3.454627848323106, energy:0.04727898665492948]
Iters. done: 565 [Current cost: -3.4461620693208452, energy:0.04730781681629439]
Iters. done: 566 [Current cost: -3.437505975995578, energy:0.04740799508286441]
Iters. done: 567 [Current cost: -3.429412895637813, energy:0.04731083385157922]
Iters. done: 568 [Current cost: -3.421629642863247, energy:0.0471065408657791]
Iters. done: 569 [Current cost: -3.4128270189256216, energy:0.04726952956995228]
Iters. done: 570 [Current cost: -3.4039384798061456, energy:0.047466864131196974]
Iters. done: 571 [Current cost: -3.3954367321941197, energy:0.047529706535179794]
Iters. done: 572 [Current cost: -3.3872854022069196, energy:0.047470922565897015]
Iters. done: 573 [Current cost: -3.379924517425444, energy:0.047133104694763284]
Iters. done: 574 [Current cost: -3.371170097663736, energy:0.04729703982889861]
Iters. done: 575 [Current cost: -3.3621693848101035, energy:0.04755287940196283]
Iters. done: 576 [Current cost: -3.354506928754869, energy:0.04733354890616425]
Iters. done: 577 [Current cost: -3.345948392160389, energy:0.04743859718632369]
Iters. done: 578 [Current cost: -3.3379701156254464, energy:0.047339566381378116]
Iters. done: 579 [Current cost: -3.3290515613755947, energy:0.04758114200574291]
Iters. done: 580 [Current cost: -3.3217086821962583, energy:0.047261742775926666]
Iters. done: 581 [Current cost: -3.3125691189768776, energy:0.04759024069184178]
Iters. done: 582 [Current cost: -3.3051646580065897, energy:0.047300203693773205]
Iters. done: 583 [Current cost: -3.2974442073146184, energy:0.04712716869394896]
Iters. done: 584 [Current cost: -3.2890616741054943, energy:0.047195532888696115]
Iters. done: 585 [Current cost: -3.2812371848993798, energy:0.04706732351738909]
Iters. done: 586 [Current cost: -3.2722245628877675, energy:0.04736985571266781]
Iters. done: 587 [Current cost: -3.2635888700870015, energy:0.04754102219672068]
Iters. done: 588 [Current cost: -3.255886116529182, energy:0.047380577940154545]
Iters. done: 589 [Current cost: -3.2485759668559355, energy:0.04708261235136871]
Iters. done: 590 [Current cost: -3.2394842629608336, energy:0.04742977604045129]
Iters. done: 591 [Current cost: -3.231876601977464, energy:0.04724657675644901]
Iters. done: 592 [Current cost: -3.223072589048469, energy:0.04749837696670876]
Iters. done: 593 [Current cost: -3.2160333074900684, energy:0.04711800476638894]
Iters. done: 594 [Current cost: -3.2077156679491674, energy:0.04720245967733924]
Iters. done: 595 [Current cost: -3.1996082755166104, energy:0.047215120436527105]
Iters. done: 596 [Current cost: -3.1910035353422495, energy:0.047411442199139384]
Iters. done: 597 [Current cost: -3.183264858763858, energy:0.04729905693478682]
Iters. done: 598 [Current cost: -3.174886002326374, energy:0.047422068862149065]
Iters. done: 599 [Current cost: -3.166937835979189, energy:0.04739348953004512]
Iters. done: 600 [Current cost: -3.1589677584279308, energy:0.04737690417924889]
Iters. done: 601 [Current cost: -3.1513255739309494, energy:0.04724567568279563]
Iters. done: 602 [Current cost: -3.142883587554756, energy:0.04740821185823834]
Iters. done: 603 [Current cost: -3.1346660664511554, energy:0.0474937032893794]
Iters. done: 604 [Current cost: -3.126707219625153, energy:0.04748961474689265]
Iters. done: 605 [Current cost: -3.1194678633292456, energy:0.04722856761388276]
Iters. done: 606 [Current cost: -3.111175154176491, energy:0.047353926094589646]
Iters. done: 607 [Current cost: -3.1027020177334506, energy:0.047549210861149833]
Iters. done: 608 [Current cost: -3.0958023824417475, energy:0.047176859700387604]
Iters. done: 609 [Current cost: -3.0874098135230628, energy:0.04735139906757775]
Iters. done: 610 [Current cost: -3.079389301651386, energy:0.04739498062727619]
Iters. done: 611 [Current cost: -3.0715606176509493, energy:0.04737301414460988]
Iters. done: 612 [Current cost: -3.063340417979948, energy:0.047497994329898714]
Iters. done: 613 [Current cost: -3.0557499293775328, energy:0.04739778068031219]
Iters. done: 614 [Current cost: -3.0478284440468593, energy:0.047422540072826265]
Iters. done: 615 [Current cost: -3.0403895821604907, energy:0.047275442884511416]
Iters. done: 616 [Current cost: -3.0326860706662924, energy:0.04722919389410425]
Iters. done: 617 [Current cost: -3.0246422439717735, energy:0.047311647392302154]
Iters. done: 618 [Current cost: -3.0163962711681913, energy:0.047472534452127374]
Iters. done: 619 [Current cost: -3.0089094633809355, energy:0.04736011015633779]
Iters. done: 620 [Current cost: -3.000889994958145, energy:0.04744705715230975]
Iters. done: 621 [Current cost: -2.99349359575905, energy:0.04731014878730737]
Iters. done: 622 [Current cost: -2.986263256004272, energy:0.04711659803353452]
Iters. done: 623 [Current cost: -2.9779143664242764, energy:0.04733773207716749]
Iters. done: 624 [Current cost: -2.9699656013646165, energy:0.047416682686966694]
Iters. done: 625 [Current cost: -2.962224840646075, energy:0.04742376106201052]
Iters. done: 626 [Current cost: -2.9547584989649462, energy:0.04733440278196964]
Iters. done: 627 [Current cost: -2.9470161942253683, energy:0.047350983067331986]
Iters. done: 628 [Current cost: -2.9392990280683993, energy:0.04736283712063316]
Iters. done: 629 [Current cost: -2.9317372554954244, energy:0.047321958602014866]
Iters. done: 630 [Current cost: -2.92389212504235, energy:0.047390065739788725]
Iters. done: 631 [Current cost: -2.9163570569701727, energy:0.047348378208081486]
Iters. done: 632 [Current cost: -2.9085188106474478, energy:0.04742317433459742]
Iters. done: 633 [Current cost: -2.90112038156384, energy:0.047340083082318025]
Iters. done: 634 [Current cost: -2.893367103566501, energy:0.04739271639787471]
Iters. done: 635 [Current cost: -2.8858083484025205, energy:0.047378019623031675]
Iters. done: 636 [Current cost: -2.8788150516015887, energy:0.04715845346983847]
Iters. done: 637 [Current cost: -2.8708113274998466, energy:0.04731774821658996]
Iters. done: 638 [Current cost: -2.8633156005064606, energy:0.0472934629601585]
Iters. done: 639 [Current cost: -2.8554721854542287, energy:0.047402881821694144]
Iters. done: 640 [Current cost: -2.8485998250570854, energy:0.047156321602449695]
Iters. done: 641 [Current cost: -2.840662921330454, energy:0.047309893377903575]
Iters. done: 642 [Current cost: -2.832944750921654, energy:0.04738699905243568]
Iters. done: 643 [Current cost: -2.8255522720034842, energy:0.04734761975401653]
Iters. done: 644 [Current cost: -2.817602200563625, energy:0.047520735600492456]
Iters. done: 645 [Current cost: -2.81075850280455, energy:0.047286109194853744]
Iters. done: 646 [Current cost: -2.8030325514832763, energy:0.047385225361857235]
Iters. done: 647 [Current cost: -2.795931585073231, energy:0.0472557301069891]
Iters. done: 648 [Current cost: -2.78786938626581, energy:0.04749022629084169]
Iters. done: 649 [Current cost: -2.7807935346422603, energy:0.04736072249891795]
Iters. done: 650 [Current cost: -2.772850139533346, energy:0.04756075071293944]
Iters. done: 651 [Current cost: -2.7658689932894434, energy:0.047405153229875555]
Iters. done: 652 [Current cost: -2.7584782782975843, energy:0.04740777387192119]
Iters. done: 653 [Current cost: -2.751298448706468, energy:0.047336022379091014]
Iters. done: 654 [Current cost: -2.743616166485956, energy:0.04745780475550516]
Iters. done: 655 [Current cost: -2.736399689832332, energy:0.04740941538921219]
Iters. done: 656 [Current cost: -2.729239238360337, energy:0.04734469778020017]
Iters. done: 657 [Current cost: -2.7220633090765443, energy:0.04729055719187241]
Iters. done: 658 [Current cost: -2.71500961675553, energy:0.047195097441766254]
Iters. done: 659 [Current cost: -2.7074038525980115, energy:0.047312700183685136]
Iters. done: 660 [Current cost: -2.7001206934177215, energy:0.04731353366695566]
Iters. done: 661 [Current cost: -2.6927110777807903, energy:0.0473670765158571]
Iters. done: 662 [Current cost: -2.6858727451058604, energy:0.04720943600782748]
Iters. done: 663 [Current cost: -2.6781241126549964, energy:0.04740121059998749]
Iters. done: 664 [Current cost: -2.6707928855522365, energy:0.047440020993400375]
Iters. done: 665 [Current cost: -2.663636460377808, energy:0.04741750561708774]
Iters. done: 666 [Current cost: -2.656550596732299, energy:0.04737309666643378]
Iters. done: 667 [Current cost: -2.6494136259273953, energy:0.047352992145844486]
Iters. done: 668 [Current cost: -2.642179607075558, energy:0.047374742856709624]
Iters. done: 669 [Current cost: -2.635109778496818, energy:0.047338978026644864]
Iters. done: 670 [Current cost: -2.627821617816773, energy:0.047391360002284263]
Iters. done: 671 [Current cost: -2.620831238308893, energy:0.04733521410483951]
Iters. done: 672 [Current cost: -2.6138147360558777, energy:0.047293945189003775]
Iters. done: 673 [Current cost: -2.6065533874368696, energy:0.04735120683859026]
Iters. done: 674 [Current cost: -2.5995700256607304, energy:0.04730723460534596]
Iters. done: 675 [Current cost: -2.5924571450514153, energy:0.04731781481219687]
Iters. done: 676 [Current cost: -2.5855821556247336, energy:0.0472422615337543]
Iters. done: 677 [Current cost: -2.5781755369200647, energy:0.04737560856119954]
Iters. done: 678 [Current cost: -2.571574727631565, energy:0.047204768988692865]
Iters. done: 679 [Current cost: -2.5641621828717756, energy:0.047350744510677806]
Iters. done: 680 [Current cost: -2.557003427373439, energy:0.04740441919838687]
Iters. done: 681 [Current cost: -2.550171286246629, energy:0.0473374602282743]
Iters. done: 682 [Current cost: -2.54324419152406, energy:0.04731208076763437]
Iters. done: 683 [Current cost: -2.5362263857366067, energy:0.047326767490326084]
Iters. done: 684 [Current cost: -2.529397087611209, energy:0.04727376158425179]
Iters. done: 685 [Current cost: -2.522313734909491, energy:0.04732402631186952]
Iters. done: 686 [Current cost: -2.5153380730525283, energy:0.04733782916291679]
Iters. done: 687 [Current cost: -2.508384685191726, energy:0.047348164968199255]
Iters. done: 688 [Current cost: -2.501499509123175, energy:0.04733720499079003]
Iters. done: 689 [Current cost: -2.494594510418585, energy:0.04733907437841245]
Iters. done: 690 [Current cost: -2.4877308901942, energy:0.04733002423328993]
Iters. done: 691 [Current cost: -2.4809354329489843, energy:0.04729960118889614]
Iters. done: 692 [Current cost: -2.474014652018821, energy:0.047323111113163605]
Iters. done: 693 [Current cost: -2.4671300129319627, energy:0.04733776304298619]
Iters. done: 694 [Current cost: -2.460374025331028, energy:0.04730742025994361]
Iters. done: 695 [Current cost: -2.453536561238651, energy:0.04731405353235718]
Iters. done: 696 [Current cost: -2.446734418355113, energy:0.047312093822355815]
Iters. done: 697 [Current cost: -2.4398500513541754, energy:0.04734754573540367]
Iters. done: 698 [Current cost: -2.4328592066844474, energy:0.047430042508462555]
Iters. done: 699 [Current cost: -2.426270878458466, energy:0.047359982263543196]
Iters. done: 700 [Current cost: -2.4195680275323, energy:0.04734000587053192]
Iters. done: 701 [Current cost: -2.41283845570816, energy:0.047335743381263534]
Iters. done: 702 [Current cost: -2.406271620979333, energy:0.04727265868973159]
Iters. done: 703 [Current cost: -2.3993755997775486, energy:0.047344439100098036]
Iters. done: 704 [Current cost: -2.392644461051673, energy:0.04735659175649505]
Iters. done: 705 [Current cost: -2.3858970570675773, energy:0.04738047382706466]
Iters. done: 706 [Current cost: -2.3793609872619674, energy:0.04732612368518615]
Iters. done: 707 [Current cost: -2.3726067069259487, energy:0.0473633291589879]
Iters. done: 708 [Current cost: -2.3660409501752198, energy:0.04733120194613269]
Iters. done: 709 [Current cost: -2.359272459785151, energy:0.047384745466288625]
Iters. done: 710 [Current cost: -2.3525840194598233, energy:0.047411926777045005]
Iters. done: 711 [Current cost: -2.3461456369447937, energy:0.04734505139901477]
Iters. done: 712 [Current cost: -2.339453095103013, energy:0.04738453458523647]
Iters. done: 713 [Current cost: -2.3330363332701434, energy:0.047319528075043964]
Iters. done: 714 [Current cost: -2.3263200720511588, energy:0.04737921593646429]
Iters. done: 715 [Current cost: -2.3198328815240576, energy:0.04735288211907707]
Iters. done: 716 [Current cost: -2.3134550035654002, energy:0.04728812727364216]
Iters. done: 717 [Current cost: -2.306724449886972, energy:0.04736978558397342]
Iters. done: 718 [Current cost: -2.300222400460397, energy:0.04736540616334578]
Iters. done: 719 [Current cost: -2.2937117403347096, energy:0.047369845802583854]
Iters. done: 720 [Current cost: -2.287273086697463, energy:0.04735074474938268]
Iters. done: 721 [Current cost: -2.2809493760639947, energy:0.04729075102364906]
Iters. done: 722 [Current cost: -2.274386436850846, energy:0.04733234906871271]
Iters. done: 723 [Current cost: -2.268011276904436, energy:0.04730373371012246]
Iters. done: 724 [Current cost: -2.2615614625621254, energy:0.047310590867044415]
Iters. done: 725 [Current cost: -2.255081925908543, energy:0.04733488768078544]
Iters. done: 726 [Current cost: -2.2486654732582245, energy:0.04733913406514414]
Iters. done: 727 [Current cost: -2.2421894778678353, energy:0.047372936535940685]
Iters. done: 728 [Current cost: -2.2358785001261308, energy:0.04734531637804637]
Iters. done: 729 [Current cost: -2.2295531455446485, energy:0.04732890399015551]
Iters. done: 730 [Current cost: -2.2231704310601392, energy:0.04734121507469702]
Iters. done: 731 [Current cost: -2.216787157825573, energy:0.047359230985676584]
Iters. done: 732 [Current cost: -2.2104993971930673, energy:0.04734381457004312]
Iters. done: 733 [Current cost: -2.2042227084760233, energy:0.04732930130024007]
Iters. done: 734 [Current cost: -2.197853664538173, energy:0.047357951600126166]
Iters. done: 735 [Current cost: -2.1915859680895364, energy:0.047350682924130964]
Iters. done: 736 [Current cost: -2.185339065726167, energy:0.04734035520497679]
Iters. done: 737 [Current cost: -2.179043462601343, energy:0.047355455693574994]
Iters. done: 738 [Current cost: -2.1728317474641745, energy:0.04734163537353688]
Iters. done: 739 [Current cost: -2.166536135310647, energy:0.04736776560171637]
Iters. done: 740 [Current cost: -2.160388798472393, energy:0.047338422719273916]
Iters. done: 741 [Current cost: -2.1540847230583875, energy:0.04737911150491119]
Iters. done: 742 [Current cost: -2.147952794435318, energy:0.047354369297935066]
Iters. done: 743 [Current cost: -2.141949913951234, energy:0.04728175764438145]
Iters. done: 744 [Current cost: -2.1356293629903695, energy:0.04734590670389195]
Iters. done: 745 [Current cost: -2.129415481703333, energy:0.04737155735335136]
Iters. done: 746 [Current cost: -2.1233910900987456, energy:0.0473242051525596]
Iters. done: 747 [Current cost: -2.1172820493180464, energy:0.04731742307103868]
Iters. done: 748 [Current cost: -2.1111294619721956, energy:0.04733427210947378]
Iters. done: 749 [Current cost: -2.105074557063189, energy:0.047316036072503995]
Iters. done: 750 [Current cost: -2.0989675831044083, energy:0.047325011557188996]
Iters. done: 751 [Current cost: -2.092820223641427, energy:0.04735642539527157]
Iters. done: 752 [Current cost: -2.086827905898505, energy:0.04732867076560726]
Iters. done: 753 [Current cost: -2.080677674816052, energy:0.04737250588681677]
Iters. done: 754 [Current cost: -2.0747530054052064, energy:0.047327488550711276]
Iters. done: 755 [Current cost: -2.068824159467971, energy:0.047289681316013375]
Iters. done: 756 [Current cost: -2.062669835273813, energy:0.047352102200229076]
Iters. done: 757 [Current cost: -2.056767234697033, energy:0.047314353486360025]
Iters. done: 758 [Current cost: -2.0507321692126927, energy:0.04733790513051873]
Iters. done: 759 [Current cost: -2.044697585201011, energy:0.04736691025651223]
Iters. done: 760 [Current cost: -2.038828742106571, energy:0.04733157020444029]
Iters. done: 761 [Current cost: -2.0328365949697087, energy:0.04735389977757684]
Iters. done: 762 [Current cost: -2.0269403669628745, energy:0.047341264522451035]
Iters. done: 763 [Current cost: -2.0211183832311206, energy:0.047302714626932654]
Iters. done: 764 [Current cost: -2.0151434212054102, energy:0.04733465230216966]
Iters. done: 765 [Current cost: -2.0091912918247057, energy:0.04736258633850779]
Iters. done: 766 [Current cost: -2.0033559707338324, energy:0.04734647112849524]
Iters. done: 767 [Current cost: -1.9974626243397722, energy:0.0473606882700805]
Iters. done: 768 [Current cost: -1.991660208992237, energy:0.04734174288606342]
Iters. done: 769 [Current cost: -1.9857835183498886, energy:0.04736014778781237]
Iters. done: 770 [Current cost: -1.9800661596566838, energy:0.04731601092435176]
Iters. done: 771 [Current cost: -1.9742605753694533, energy:0.04731523255430117]
Iters. done: 772 [Current cost: -1.9683980036825626, energy:0.047344574015414254]
Iters. done: 773 [Current cost: -1.9626059546654993, energy:0.047349324088710745]
Iters. done: 774 [Current cost: -1.9569449187320251, energy:0.047303327230439576]
Iters. done: 775 [Current cost: -1.9511393359131526, energy:0.04732519648714063]
Iters. done: 776 [Current cost: -1.9453943024492553, energy:0.047326645777168594]
Iters. done: 777 [Current cost: -1.9397097806676138, energy:0.04730760124633755]
Iters. done: 778 [Current cost: -1.933913553933098, energy:0.0473425507023211]
Iters. done: 779 [Current cost: -1.9281936478290111, energy:0.04735017912131669]
Iters. done: 780 [Current cost: -1.9224922669469902, energy:0.047355465480429286]
Iters. done: 781 [Current cost: -1.916787689207152, energy:0.04736784274977818]
Iters. done: 782 [Current cost: -1.9110617583080116, energy:0.047395245113276516]
Iters. done: 783 [Current cost: -1.905523994630482, energy:0.04734634756940805]
Iters. done: 784 [Current cost: -1.8999230014523594, energy:0.04733062481834385]
Iters. done: 785 [Current cost: -1.8942430867655804, energy:0.04735507744678626]
Iters. done: 786 [Current cost: -1.8886501740857127, energy:0.04734719463078553]
Iters. done: 787 [Current cost: -1.883091875721891, energy:0.047329812512761166]
Iters. done: 788 [Current cost: -1.8774637803570673, energy:0.04734875283546671]
Iters. done: 789 [Current cost: -1.8718967977258156, energy:0.04734657684322295]
Iters. done: 790 [Current cost: -1.8663512136433136, energy:0.047340684771977]
Iters. done: 791 [Current cost: -1.8607886684040853, energy:0.04734798070156359]
Iters. done: 792 [Current cost: -1.8552747985352145, energy:0.04733951468261041]
Iters. done: 793 [Current cost: -1.849743391950432, energy:0.047344512503192396]
Iters. done: 794 [Current cost: -1.844242821260405, energy:0.04734159115580783]
Iters. done: 795 [Current cost: -1.8387587935536385, energy:0.04733705404658444]
Iters. done: 796 [Current cost: -1.833284545055498, energy:0.04733389517654589]
Iters. done: 797 [Current cost: -1.8278156243458867, energy:0.047334096901264416]
Iters. done: 798 [Current cost: -1.8223593412988706, energy:0.04733441015352624]
Iters. done: 799 [Current cost: -1.8168854105925694, energy:0.04734835152468501]
Iters. done: 800 [Current cost: -1.811487226551507, energy:0.04733421675362749]
Iters. done: 801 [Current cost: -1.8060506471882958, energy:0.04734298765927126]
Iters. done: 802 [Current cost: -1.8006644397346439, energy:0.04733495172295228]
Iters. done: 803 [Current cost: -1.7952428387374417, energy:0.04734854934280282]
Iters. done: 804 [Current cost: -1.789869523481964, energy:0.04734623115011827]
Iters. done: 805 [Current cost: -1.7844748545994964, energy:0.04735929290344836]
Iters. done: 806 [Current cost: -1.779176595103017, energy:0.04733466405061158]
Iters. done: 807 [Current cost: -1.7738468150201736, energy:0.04732997677205087]
Iters. done: 808 [Current cost: -1.768494702142293, energy:0.04734115789191099]
Iters. done: 809 [Current cost: -1.7631869553127621, energy:0.04733804220564199]
Iters. done: 810 [Current cost: -1.7578683482583153, energy:0.047345628454413015]
Iters. done: 811 [Current cost: -1.7525899865104322, energy:0.047340724459453164]
Iters. done: 812 [Current cost: -1.7473321501674948, energy:0.04733224612301978]
Iters. done: 813 [Current cost: -1.7420394179775602, energy:0.047345445958592115]
Iters. done: 814 [Current cost: -1.7367819716012418, energy:0.04734836200637237]
Iters. done: 815 [Current cost: -1.7315408686506095, energy:0.04734960580149483]
Iters. done: 816 [Current cost: -1.7263302738519861, energy:0.04734267318890503]
Iters. done: 817 [Current cost: -1.721138050149974, energy:0.0473330893849375]
Iters. done: 818 [Current cost: -1.7159284299323472, energy:0.047337274688437465]
Iters. done: 819 [Current cost: -1.7107553507152151, energy:0.047330458201393276]
Iters. done: 820 [Current cost: -1.7055743378997967, energy:0.04733308672421918]
Iters. done: 821 [Current cost: -1.7003819623265588, energy:0.047346781821280694]
Iters. done: 822 [Current cost: -1.6952421515227873, energy:0.04734202227910776]
Iters. done: 823 [Current cost: -1.690201530733471, energy:0.04729711651419704]
Iters. done: 824 [Current cost: -1.685008535403951, energy:0.04732858275652618]
Iters. done: 825 [Current cost: -1.6798727559444, energy:0.04733938230416594]
Iters. done: 826 [Current cost: -1.6747854795629982, energy:0.04733346446411595]
Iters. done: 827 [Current cost: -1.669664368301603, energy:0.04734912724040181]
Iters. done: 828 [Current cost: -1.6646056301517214, energy:0.047341544545339204]
Iters. done: 829 [Current cost: -1.6595823211986067, energy:0.04732319918112489]
Iters. done: 830 [Current cost: -1.6545023536470187, energy:0.04733716838860294]
Iters. done: 831 [Current cost: -1.6494750142327974, energy:0.04733232604301336]
Iters. done: 832 [Current cost: -1.644415692839114, energy:0.04734833541739258]
Iters. done: 833 [Current cost: -1.639433843422437, energy:0.047333770781683104]
Iters. done: 834 [Current cost: -1.6344304646431127, energy:0.04733515153692899]
Iters. done: 835 [Current cost: -1.6294434608021233, energy:0.04733464870369965]
Iters. done: 836 [Current cost: -1.6244445713374442, energy:0.04734561273913913]
Iters. done: 837 [Current cost: -1.619486823794583, energy:0.047342969968350586]
Iters. done: 838 [Current cost: -1.6145009451764514, energy:0.047359518953869154]
Iters. done: 839 [Current cost: -1.6096021110858567, energy:0.047340601761422296]
Iters. done: 840 [Current cost: -1.6046676734594725, energy:0.04734442846803353]
Iters. done: 841 [Current cost: -1.5997551281848086, energy:0.0473436852462304]
Iters. done: 842 [Current cost: -1.5948575865487857, energy:0.04734163238738122]
Iters. done: 843 [Current cost: -1.5899654024329979, energy:0.04734287089820321]
Iters. done: 844 [Current cost: -1.585096770504774, energy:0.04733868989651645]
Iters. done: 845 [Current cost: -1.580242196510677, energy:0.047333612257215774]
Iters. done: 846 [Current cost: -1.575385478448288, energy:0.04733541598223532]
Iters. done: 847 [Current cost: -1.5705296408877405, energy:0.047342670897739796]
Iters. done: 848 [Current cost: -1.565702176054176, energy:0.04734213342607564]
Iters. done: 849 [Current cost: -1.5608915710157776, energy:0.04733932003506301]
Iters. done: 850 [Current cost: -1.5560794694935014, energy:0.0473430965199615]
Iters. done: 851 [Current cost: -1.5512735146735224, energy:0.04734978223683347]
Iters. done: 852 [Current cost: -1.5465287426226193, energy:0.04733265454257469]
Iters. done: 853 [Current cost: -1.5417558741700532, energy:0.04733501802102456]
Iters. done: 854 [Current cost: -1.5369887967212446, energy:0.04734044965219018]
Iters. done: 855 [Current cost: -1.532232148395903, energy:0.047346692850327866]
Iters. done: 856 [Current cost: -1.5275014517928456, energy:0.047346153611449705]
Iters. done: 857 [Current cost: -1.522803767095033, energy:0.04733533120822468]
Iters. done: 858 [Current cost: -1.5180836719951645, energy:0.047341355970618657]
Iters. done: 859 [Current cost: -1.5133801995739802, energy:0.04734512275143648]
Iters. done: 860 [Current cost: -1.5087110112844602, energy:0.04733791697257872]
Iters. done: 861 [Current cost: -1.5040277586940884, energy:0.047343516130683064]
Iters. done: 862 [Current cost: -1.4993710885929041, energy:0.04734189891854431]
Iters. done: 863 [Current cost: -1.4946945633366446, energy:0.0473559983246]
Iters. done: 864 [Current cost: -1.490094846066565, energy:0.047337972798732635]
Iters. done: 865 [Current cost: -1.485453102414133, energy:0.04734665300223165]
Iters. done: 866 [Current cost: -1.4808477928318282, energy:0.047343143100440056]
Iters. done: 867 [Current cost: -1.4762673392580419, energy:0.047333139969784825]
Iters. done: 868 [Current cost: -1.4716668767714567, energy:0.04733899361989852]
Iters. done: 869 [Current cost: -1.4670978451783327, energy:0.04733505915494884]
Iters. done: 870 [Current cost: -1.4625107819527492, energy:0.04734604982825828]
Iters. done: 871 [Current cost: -1.457963184686052, energy:0.047343187049681504]
Iters. done: 872 [Current cost: -1.453427782664772, energy:0.04734009555356514]
Iters. done: 873 [Current cost: -1.448879212246933, energy:0.04734953521750952]
Iters. done: 874 [Current cost: -1.4443851116826674, energy:0.04733744886165369]
Iters. done: 875 [Current cost: -1.439854303382712, energy:0.047349781184726984]
Iters. done: 876 [Current cost: -1.4353765982389401, energy:0.04734119554852693]
Iters. done: 877 [Current cost: -1.4309178854172375, energy:0.047328867512312245]
Iters. done: 878 [Current cost: -1.4264274924976865, energy:0.047338505346522335]
Iters. done: 879 [Current cost: -1.421956199037064, energy:0.04734437907602137]
Iters. done: 880 [Current cost: -1.4175076555422648, energy:0.047344598641006]
Iters. done: 881 [Current cost: -1.4130993868984068, energy:0.04733017608522618]
Iters. done: 882 [Current cost: -1.4086575510288246, energy:0.047338796431417904]
Iters. done: 883 [Current cost: -1.404230302880987, energy:0.04734589696551109]
Iters. done: 884 [Current cost: -1.3998384077788064, energy:0.04734080001177704]
Iters. done: 885 [Current cost: -1.3954372901470136, energy:0.0473463549244183]
Iters. done: 886 [Current cost: -1.391077891426297, energy:0.0473363645409231]
Iters. done: 887 [Current cost: -1.3867174565177331, energy:0.047332802551058345]
Iters. done: 888 [Current cost: -1.3823527953005577, energy:0.047337343429959086]
Iters. done: 889 [Current cost: -1.3779940775970054, energy:0.04734475368744222]
Iters. done: 890 [Current cost: -1.3736709872026405, energy:0.04733963586063608]
Iters. done: 891 [Current cost: -1.369338794812037, energy:0.047345164990736904]
Iters. done: 892 [Current cost: -1.3650463772202281, energy:0.04733593453129566]
Iters. done: 893 [Current cost: -1.3607438555009483, energy:0.047337878094070425]
Iters. done: 894 [Current cost: -1.3564559472789883, energy:0.04733812731816053]
Iters. done: 895 [Current cost: -1.352177908713583, energy:0.04733914717460566]
Iters. done: 896 [Current cost: -1.3479106403154402, energy:0.047340459636329185]
Iters. done: 897 [Current cost: -1.3436383304943793, energy:0.04735036618749365]
Iters. done: 898 [Current cost: -1.3394068459531197, energy:0.047344754781079045]
Iters. done: 899 [Current cost: -1.3351854114471275, energy:0.04733976336793333]
Iters. done: 900 [Current cost: -1.330967650324787, energy:0.04733875501419132]
Iters. done: 901 [Current cost: -1.3267543875724275, energy:0.04734130488370411]
Iters. done: 902 [Current cost: -1.322565920250638, energy:0.047336657348148604]
Iters. done: 903 [Current cost: -1.3183725556460992, energy:0.04734054003038328]
Iters. done: 904 [Current cost: -1.3142077695394239, energy:0.04733516951654476]
Iters. done: 905 [Current cost: -1.3100363679639508, energy:0.047339254129139]
Iters. done: 906 [Current cost: -1.3058736136058582, energy:0.0473446811925907]
Iters. done: 907 [Current cost: -1.3017486580908315, energy:0.047335842830466324]
Iters. done: 908 [Current cost: -1.2976225018644967, energy:0.04733356477230493]
Iters. done: 909 [Current cost: -1.2934908476988245, energy:0.04734018220862375]
Iters. done: 910 [Current cost: -1.2893788506074506, energy:0.04734219362682211]
Iters. done: 911 [Current cost: -1.2852838960052808, energy:0.047340972859451005]
Iters. done: 912 [Current cost: -1.281210593058877, energy:0.04733400096412217]
Iters. done: 913 [Current cost: -1.2771244554301808, energy:0.04733990356798502]
Iters. done: 914 [Current cost: -1.2730542129298856, energy:0.04734316127789558]
Iters. done: 915 [Current cost: -1.2689992289162162, energy:0.04734409454940316]
Iters. done: 916 [Current cost: -1.2649719457875324, energy:0.04733590619684355]
Iters. done: 917 [Current cost: -1.2609317817453074, energy:0.0473406679408609]
Iters. done: 918 [Current cost: -1.2569074168226588, energy:0.04734277051853808]
Iters. done: 919 [Current cost: -1.2528991165930645, energy:0.04734204275998577]
Iters. done: 920 [Current cost: -1.2489037147577866, energy:0.047340194659754156]
Iters. done: 921 [Current cost: -1.244913058561777, energy:0.047341689534026406]
Iters. done: 922 [Current cost: -1.240935214574975, energy:0.047342094222758355]
Iters. done: 923 [Current cost: -1.2369734259430774, energy:0.04733960262744416]
Iters. done: 924 [Current cost: -1.2330148130764922, energy:0.04734130594635712]
Iters. done: 925 [Current cost: -1.229070308492956, energy:0.047341163398457266]
Iters. done: 926 [Current cost: -1.2251409140729148, energy:0.047338597648848985]
Iters. done: 927 [Current cost: -1.2212151900102541, energy:0.04733994300896879]
Iters. done: 928 [Current cost: -1.217301671186908, energy:0.04734045758384542]
Iters. done: 929 [Current cost: -1.2133953612047534, energy:0.047342913676528764]
Iters. done: 930 [Current cost: -1.2095077207004594, energy:0.047340903945140636]
Iters. done: 931 [Current cost: -1.2056278168663255, energy:0.04734051573630281]
Iters. done: 932 [Current cost: -1.201761057054016, energy:0.0473387125001509]
Iters. done: 933 [Current cost: -1.1978986572717614, energy:0.04734041445401954]
Iters. done: 934 [Current cost: -1.1940471624951448, energy:0.04734194324603291]
Iters. done: 935 [Current cost: -1.190212060338102, energy:0.047340188853727906]
Iters. done: 936 [Current cost: -1.1863789763808232, energy:0.04734325128239431]
Iters. done: 937 [Current cost: -1.1825709226914056, energy:0.04733810621593275]
Iters. done: 938 [Current cost: -1.178760828697506, energy:0.047340065490383186]
Iters. done: 939 [Current cost: -1.1749611634810417, energy:0.04734206547454831]
Iters. done: 940 [Current cost: -1.1711761969357022, energy:0.047341661094283824]
Iters. done: 941 [Current cost: -1.1674018875634102, energy:0.047341135177365934]
Iters. done: 942 [Current cost: -1.1636345924023632, energy:0.04734256037625155]
Iters. done: 943 [Current cost: -1.1598866866535227, energy:0.04733884095195602]
Iters. done: 944 [Current cost: -1.156140101771285, energy:0.047340315799195835]
Iters. done: 945 [Current cost: -1.1524055202053378, energy:0.04734085481024641]
Iters. done: 946 [Current cost: -1.1486798724102532, energy:0.047342211399470396]
Iters. done: 947 [Current cost: -1.1449668958482062, energy:0.047342218923156335]
Iters. done: 948 [Current cost: -1.1412681989304096, energy:0.047339926452966384]
Iters. done: 949 [Current cost: -1.1375769152560202, energy:0.04733929267423538]
Iters. done: 950 [Current cost: -1.1338941127117566, energy:0.04733969501001279]
Iters. done: 951 [Current cost: -1.1302225725177932, energy:0.04733950789820352]
Iters. done: 952 [Current cost: -1.1265585896612624, energy:0.04734087863626751]
Iters. done: 953 [Current cost: -1.1229101935553212, energy:0.04733910899592469]
Iters. done: 954 [Current cost: -1.1192679638759573, energy:0.0473396887068707]
Iters. done: 955 [Current cost: -1.1156396175841898, energy:0.047338088970666235]
Iters. done: 956 [Current cost: -1.112025050195709, energy:0.04733434641238067]
Iters. done: 957 [Current cost: -1.1084027131089544, energy:0.04734113947964232]
Iters. done: 958 [Current cost: -1.1048054251066255, energy:0.04733913386384395]
Iters. done: 959 [Current cost: -1.101215183271148, energy:0.047338920235883375]
Iters. done: 960 [Current cost: -1.0976323236977614, energy:0.04734029817171195]
Iters. done: 961 [Current cost: -1.094065361860383, energy:0.04733820492569413]
Iters. done: 962 [Current cost: -1.0904993905912084, energy:0.04734148416106245]
Iters. done: 963 [Current cost: -1.086949757667845, energy:0.047340998998255196]
Iters. done: 964 [Current cost: -1.083407195940742, energy:0.04734225511432273]
Iters. done: 965 [Current cost: -1.0798761393902385, energy:0.047342594739622795]
Iters. done: 966 [Current cost: -1.0763607327528533, energy:0.047339512181275065]
Iters. done: 967 [Current cost: -1.0728477701194574, energy:0.04734091797845108]
Iters. done: 968 [Current cost: -1.069346051883472, energy:0.047341523110697614]
Iters. done: 969 [Current cost: -1.0658581156140592, energy:0.047339777952538235]
Iters. done: 970 [Current cost: -1.0623759117344544, energy:0.047340527454464744]
Iters. done: 971 [Current cost: -1.0589078520239248, energy:0.047338673610600755]
Iters. done: 972 [Current cost: -1.055444238827862, energy:0.047340081094853735]
Iters. done: 973 [Current cost: -1.0519908243293878, energy:0.04734125515859807]
Iters. done: 974 [Current cost: -1.0485516346405714, energy:0.04733972554890834]
Iters. done: 975 [Current cost: -1.045120002901919, energy:0.04733953943305562]
Iters. done: 976 [Current cost: -1.0416961195495027, energy:0.04734057608313352]
Iters. done: 977 [Current cost: -1.0382809939222222, energy:0.04734221103397396]
Iters. done: 978 [Current cost: -1.0348812106623888, energy:0.04734038485467307]
Iters. done: 979 [Current cost: -1.0314931734609076, energy:0.04733728066330049]
Iters. done: 980 [Current cost: -1.028104707274427, energy:0.04734039883465209]
Iters. done: 981 [Current cost: -1.024730035757122, energy:0.04734096115102789]
Iters. done: 982 [Current cost: -1.021365397989332, energy:0.047341272038651086]
Iters. done: 983 [Current cost: -1.0180134166947077, energy:0.04733968723401176]
Iters. done: 984 [Current cost: -1.0146681667368178, energy:0.04733987286447746]
Iters. done: 985 [Current cost: -1.0113288156349904, energy:0.047342346992031326]
Iters. done: 986 [Current cost: -1.0080038446377282, energy:0.047341806772704005]
Iters. done: 987 [Current cost: -1.0046891730955914, energy:0.047340778270121016]
Iters. done: 988 [Current cost: -1.0013835442688388, energy:0.04734003508752717]
Iters. done: 989 [Current cost: -0.9980913203551558, energy:0.047336820957615156]
Iters. done: 990 [Current cost: -0.9947982087016335, energy:0.04734012172107753]
Iters. done: 991 [Current cost: -0.9915205264279091, energy:0.04733965323779234]
Iters. done: 992 [Current cost: -0.9882512988921763, energy:0.047339796234636494]
Iters. done: 993 [Current cost: -0.9849923913429639, energy:0.04733935801851027]
Iters. done: 994 [Current cost: -0.9817415546818475, energy:0.047339752524211215]
Iters. done: 995 [Current cost: -0.978496624971086, energy:0.04734235132227733]
Iters. done: 996 [Current cost: -0.9752674408909598, energy:0.047340871887151574]
Iters. done: 997 [Current cost: -0.9720455396185083, energy:0.04734069184415231]
Iters. done: 998 [Current cost: -0.9688327269052888, energy:0.04734064840457341]
Iters. done: 999 [Current cost: -0.9656261108701233, energy:0.04734258819075808]
Iters. done: 1000 [Current cost: -0.9624376186394721, energy:0.04733882886432269]
 message: Maximum number of function evaluations has been exceeded.
 success: False
  status: 2
     fun: -5.978503983270009
       x: [ 5.242e+00  7.933e+00 ...  4.503e+00  6.518e+00]
    nfev: 1000
   maxcv: 0.0
Done
