couldn't read file "/usr/local/Modules/libexec/modulecmd.tcl": no such file or directory
/var/spool/slurmd/job69321177/slurm_script: line 20: nvidia-smi: command not found
Iters. done: 1 [Current cost: 0.01946268409527467, energy:0.01946268409527467]
Iters. done: 2 [Current cost: 0.01331686604527885, energy:0.01331686604527885]
 message: Maximum number of function evaluations has been exceeded.
 success: False
  status: 2
     fun: 0.01331686604527885
       x: [ 1.064e+00  1.678e+00 ...  3.825e+00  1.504e+00]
    nfev: 2
   maxcv: 0.0
Iters. done: 1 [Current cost: 0.11948389091385027, energy:0.11948389091385027]
Iters. done: 2 [Current cost: 0.1093182112050872, energy:0.1093182112050872]
 message: Maximum number of function evaluations has been exceeded.
 success: False
  status: 2
     fun: 0.1093182112050872
       x: [ 3.746e+00  2.202e+00 ...  4.643e+00  5.472e+00]
    nfev: 2
   maxcv: 0.0
Done
